Log file open, 06/01/20 14:28:24
LogWindows: Failed to load 'aqProf.dll' (GetLastError=126)
LogWindows: File 'aqProf.dll' does not exist
LogWindows: Failed to load 'VtuneApi.dll' (GetLastError=126)
LogWindows: File 'VtuneApi.dll' does not exist
LogWindows: Failed to load 'VtuneApi32e.dll' (GetLastError=126)
LogWindows: File 'VtuneApi32e.dll' does not exist
LogConsoleResponse: Display: Failed to find resolution value strings in scalability ini. Falling back to default.
LogInit: Display: Running engine for game: RPG
LogPlatformFile: Not using cached read wrapper
LogTaskGraph: Started task graph with 5 named threads and 35 total threads with 3 sets of task threads.
LogStats: Stats thread started at 0.163095
LogD3D11RHI: Loaded GFSDK_Aftermath_Lib.x64.dll
LogICUInternationalization: ICU TimeZone Detection - Raw Offset: +1:00, Platform Override: ''
LogPluginManager: Mounting plugin Paper2D
LogPluginManager: Mounting plugin AISupport
LogPluginManager: Mounting plugin LightPropagationVolume
LogPluginManager: Mounting plugin ActorLayerUtilities
LogPluginManager: Mounting plugin AnimationSharing
LogPluginManager: Mounting plugin CLionSourceCodeAccess
LogPluginManager: Mounting plugin CodeLiteSourceCodeAccess
LogPluginManager: Mounting plugin GitSourceControl
LogPluginManager: Mounting plugin KDevelopSourceCodeAccess
LogPluginManager: Mounting plugin NullSourceCodeAccess
LogPluginManager: Mounting plugin PerforceSourceControl
LogPluginManager: Mounting plugin PlasticSourceControl
LogPluginManager: Mounting plugin SubversionSourceControl
LogPluginManager: Mounting plugin UObjectPlugin
LogPluginManager: Mounting plugin VisualStudioCodeSourceCodeAccess
LogPluginManager: Mounting plugin VisualStudioSourceCodeAccess
LogPluginManager: Mounting plugin XCodeSourceCodeAccess
LogPluginManager: Mounting plugin AssetManagerEditor
LogPluginManager: Mounting plugin CryptoKeys
LogPluginManager: Mounting plugin CurveEditorTools
LogPluginManager: Mounting plugin DataValidation
LogPluginManager: Mounting plugin FacialAnimation
LogPluginManager: Mounting plugin GameplayTagsEditor
LogPluginManager: Mounting plugin MacGraphicsSwitching
LogPluginManager: Mounting plugin MaterialAnalyzer
LogPluginManager: Mounting plugin MobileLauncherProfileWizard
LogPluginManager: Mounting plugin PluginBrowser
LogPluginManager: Mounting plugin SpeedTreeImporter
LogPluginManager: Mounting plugin DatasmithContent
LogPluginManager: Mounting plugin VariantManagerContent
LogPluginManager: Mounting plugin AlembicImporter
LogPluginManager: Mounting plugin AutomationUtils
LogPluginManager: Mounting plugin BackChannel
LogPluginManager: Mounting plugin CharacterAI
LogPluginManager: Mounting plugin GeometryCache
LogPluginManager: Mounting plugin PlatformCrypto
LogPluginManager: Mounting plugin ProxyLODPlugin
LogPluginManager: Mounting plugin SkeletalReduction
LogPluginManager: Mounting plugin MagicLeap
LogPluginManager: Mounting plugin MagicLeapMedia
LogPluginManager: Mounting plugin MLSDK
LogPluginManager: Mounting plugin AndroidMedia
LogPluginManager: Mounting plugin AvfMedia
LogPluginManager: Mounting plugin ImgMedia
LogPluginManager: Mounting plugin MediaCompositing
LogPluginManager: Mounting plugin MediaPlayerEditor
LogPluginManager: Mounting plugin WebMMedia
LogPluginManager: Mounting plugin WmfMedia
LogPluginManager: Mounting plugin TcpMessaging
LogPluginManager: Mounting plugin UdpMessaging
LogPluginManager: Mounting plugin ActorSequence
LogPluginManager: Mounting plugin LevelSequenceEditor
LogPluginManager: Mounting plugin MatineeToLevelSequence
LogPluginManager: Mounting plugin NetcodeUnitTest
LogPluginManager: Mounting plugin NUTUnrealEngine4
LogPluginManager: Mounting plugin OnlineSubsystemGooglePlay
LogPluginManager: Mounting plugin OnlineSubsystemIOS
LogPluginManager: Mounting plugin OnlineSubsystem
LogPluginManager: Mounting plugin OnlineSubsystemNull
LogPluginManager: Mounting plugin OnlineSubsystemUtils
LogPluginManager: Mounting plugin LauncherChunkInstaller
LogPluginManager: Mounting plugin AndroidDeviceProfileSelector
LogPluginManager: Mounting plugin AndroidMoviePlayer
LogPluginManager: Mounting plugin AndroidPermission
LogPluginManager: Mounting plugin AppleImageUtils
LogPluginManager: Mounting plugin AppleMoviePlayer
LogPluginManager: Mounting plugin ArchVisCharacter
LogPluginManager: Mounting plugin AssetTags
LogPluginManager: Mounting plugin AudioCapture
LogPluginManager: Mounting plugin CableComponent
LogPluginManager: Mounting plugin CustomMeshComponent
LogPluginManager: Mounting plugin EditableMesh
LogPluginManager: Mounting plugin ExampleDeviceProfileSelector
LogPluginManager: Mounting plugin GoogleCloudMessaging
LogPluginManager: Mounting plugin IOSDeviceProfileSelector
LogPluginManager: Mounting plugin LinuxDeviceProfileSelector
LogPluginManager: Mounting plugin LocationServicesBPLibrary
LogPluginManager: Mounting plugin MobilePatchingUtils
LogPluginManager: Mounting plugin OculusVR
LogPluginManager: Mounting plugin PhysXVehicles
LogPluginManager: Mounting plugin PostSplashScreen
LogPluginManager: Mounting plugin ProceduralMeshComponent
LogPluginManager: Mounting plugin RuntimePhysXCooking
LogPluginManager: Mounting plugin SignificanceManager
LogPluginManager: Mounting plugin SteamVR
LogPluginManager: Mounting plugin WebMMoviePlayer
LogPluginManager: Mounting plugin WindowsMoviePlayer
LogPluginManager: Mounting plugin ScreenshotTools
LogInit: Using libcurl 7.55.1-DEV
LogInit:  - built for x86_64-pc-win32
LogInit:  - supports SSL with OpenSSL/1.1.1
LogInit:  - supports HTTP deflate (compression) using libz 1.2.8
LogInit:  - other features:
LogInit:      CURL_VERSION_SSL
LogInit:      CURL_VERSION_LIBZ
LogInit:      CURL_VERSION_IPV6
LogInit:      CURL_VERSION_ASYNCHDNS
LogInit:      CURL_VERSION_LARGEFILE
LogInit:      CURL_VERSION_IDN
LogInit:  CurlRequestOptions (configurable via config and command line):
LogInit:  - bVerifyPeer = true  - Libcurl will verify peer certificate
LogInit:  - bUseHttpProxy = false  - Libcurl will NOT use HTTP proxy
LogInit:  - bDontReuseConnections = false  - Libcurl will reuse connections
LogInit:  - MaxHostConnections = 16  - Libcurl will limit the number of connections to a host
LogInit:  - LocalHostAddr = Default
LogInit:  - BufferSize = 65536
LogOnline: OSS: Creating online subsystem instance for: NULL
LogInit: WinSock: version 1.1 (2.2), MaxSocks=32767, MaxUdp=65467
LogOnline: OSS: TryLoadSubsystemAndSetDefault: Loaded subsystem for module [NULL]
LogInit: Build: ++UE4+Release-4.24-CL-11590370
LogInit: Engine Version: 4.24.3-11590370+++UE4+Release-4.24
LogInit: Compatible Engine Version: 4.24.0-10570792+++UE4+Release-4.24
LogInit: Net CL: 10570792
LogInit: OS: Windows 10 (Release 1909) (), CPU: AMD Ryzen 5 3600 6-Core Processor              , GPU: NVIDIA GeForce RTX 2060 SUPER
LogInit: Compiled (64-bit): Feb 24 2020 15:39:18
LogInit: Compiled with Visual C++: 19.16.27032.01
LogInit: Build Configuration: Development
LogInit: Branch Name: ++UE4+Release-4.24
LogInit: Command Line:  -skipcompile
LogInit: Base Directory: C:/Program Files/Epic Games/UE_4.24/Engine/Binaries/Win64/
LogInit: Installed Engine Build: 1
LogDevObjectVersion: Number of dev versions registered: 25
LogDevObjectVersion:   Dev-Blueprints (B0D832E4-1F89-4F0D-ACCF-7EB736FD4AA2): 10
LogDevObjectVersion:   Dev-Build (E1C64328-A22C-4D53-A36C-8E866417BD8C): 0
LogDevObjectVersion:   Dev-Core (375EC13C-06E4-48FB-B500-84F0262A717E): 3
LogDevObjectVersion:   Dev-Editor (E4B068ED-F494-42E9-A231-DA0B2E46BB41): 37
LogDevObjectVersion:   Dev-Framework (CFFC743F-43B0-4480-9391-14DF171D2073): 36
LogDevObjectVersion:   Dev-Mobile (B02B49B5-BB20-44E9-A304-32B752E40360): 2
LogDevObjectVersion:   Dev-Networking (A4E4105C-59A1-49B5-A7C5-40C4547EDFEE): 0
LogDevObjectVersion:   Dev-Online (39C831C9-5AE6-47DC-9A44-9C173E1C8E7C): 0
LogDevObjectVersion:   Dev-Physics (78F01B33-EBEA-4F98-B9B4-84EACCB95AA2): 2
LogDevObjectVersion:   Dev-Platform (6631380F-2D4D-43E0-8009-CF276956A95A): 0
LogDevObjectVersion:   Dev-Rendering (12F88B9F-8875-4AFC-A67C-D90C383ABD29): 36
LogDevObjectVersion:   Dev-Sequencer (7B5AE74C-D270-4C10-A958-57980B212A5A): 11
LogDevObjectVersion:   Dev-VR (D7296918-1DD6-4BDD-9DE2-64A83CC13884): 2
LogDevObjectVersion:   Dev-LoadTimes (C2A15278-BFE7-4AFE-6C17-90FF531DF755): 1
LogDevObjectVersion:   Private-Geometry (6EACA3D4-40EC-4CC1-B786-8BED09428FC5): 3
LogDevObjectVersion:   Dev-AnimPhys (29E575DD-E0A3-4627-9D10-D276232CDCEA): 17
LogDevObjectVersion:   Dev-Anim (AF43A65D-7FD3-4947-9873-3E8ED9C1BB05): 2
LogDevObjectVersion:   Dev-ReflectionCapture (6B266CEC-1EC7-4B8F-A30B-E4D90942FC07): 1
LogDevObjectVersion:   Dev-Automation (0DF73D61-A23F-47EA-B727-89E90C41499A): 1
LogDevObjectVersion:   FortniteMain (601D1886-AC64-4F84-AA16-D3DE0DEAC7D6): 31
LogDevObjectVersion:   Dev-Enterprise (9DFFBCD6-494F-0158-E221-12823C92A888): 8
LogDevObjectVersion:   Dev-Niagara (F2AED0AC-9AFE-416F-8664-AA7FFA26D6FC): 1
LogDevObjectVersion:   Dev-Destruction (174F1F0B-B4C6-45A5-B13F-2EE8D0FB917D): 9
LogDevObjectVersion:   Dev-Physics-Ext (35F94A83-E258-406C-A318-09F59610247C): 8
LogDevObjectVersion:   Dev-CineCamera (B2E18506-4273-CFC2-A54E-F4BB758BBA07): 1
LogInit: Presizing for max 25165824 objects, including 0 objects not considered by GC, pre-allocating 0 bytes for permanent pool.
LogInit: Object subsystem initialized
LogConfig: Setting CVar [[con.DebugEarlyDefault:1]]
LogConfig: Setting CVar [[r.setres:1280x720]]
[2020.06.01-12.28.24:741][  0]LogConfig: Setting CVar [[r.VSync:0]]
[2020.06.01-12.28.24:741][  0]LogConfig: Setting CVar [[r.RHICmdBypass:0]]
[2020.06.01-12.28.24:741][  0]LogConfig: Applying CVar settings from Section [/Script/Engine.RendererSettings] File [E:/Unreal/Unreal/RPG/Saved/Config/Windows/Engine.ini]
[2020.06.01-12.28.24:741][  0]LogConfig: Setting CVar [[r.GPUCrashDebugging:0]]
[2020.06.01-12.28.24:741][  0]LogConfig: Applying CVar settings from Section [/Script/Engine.RendererOverrideSettings] File [E:/Unreal/Unreal/RPG/Saved/Config/Windows/Engine.ini]
[2020.06.01-12.28.24:741][  0]LogConfig: Applying CVar settings from Section [/Script/Engine.StreamingSettings] File [E:/Unreal/Unreal/RPG/Saved/Config/Windows/Engine.ini]
[2020.06.01-12.28.24:741][  0]LogConfig: Setting CVar [[s.MinBulkDataSizeForAsyncLoading:131072]]
[2020.06.01-12.28.24:741][  0]LogConfig: Setting CVar [[s.AsyncLoadingThreadEnabled:0]]
[2020.06.01-12.28.24:741][  0]LogConfig: Setting CVar [[s.EventDrivenLoaderEnabled:1]]
[2020.06.01-12.28.24:741][  0]LogConfig: Setting CVar [[s.WarnIfTimeLimitExceeded:0]]
[2020.06.01-12.28.24:741][  0]LogConfig: Setting CVar [[s.TimeLimitExceededMultiplier:1.5]]
[2020.06.01-12.28.24:741][  0]LogConfig: Setting CVar [[s.TimeLimitExceededMinTime:0.005]]
[2020.06.01-12.28.24:741][  0]LogConfig: Setting CVar [[s.UseBackgroundLevelStreaming:1]]
[2020.06.01-12.28.24:741][  0]LogConfig: Setting CVar [[s.PriorityAsyncLoadingExtraTime:15.0]]
[2020.06.01-12.28.24:741][  0]LogConfig: Setting CVar [[s.LevelStreamingActorsUpdateTimeLimit:5.0]]
[2020.06.01-12.28.24:741][  0]LogConfig: Setting CVar [[s.PriorityLevelStreamingActorsUpdateExtraTime:5.0]]
[2020.06.01-12.28.24:741][  0]LogConfig: Setting CVar [[s.LevelStreamingComponentsRegistrationGranularity:10]]
[2020.06.01-12.28.24:741][  0]LogConfig: Setting CVar [[s.UnregisterComponentsTimeLimit:1.0]]
[2020.06.01-12.28.24:742][  0]LogConfig: Setting CVar [[s.LevelStreamingComponentsUnregistrationGranularity:5]]
[2020.06.01-12.28.24:742][  0]LogConfig: Setting CVar [[s.FlushStreamingOnExit:1]]
[2020.06.01-12.28.24:742][  0]LogConfig: Applying CVar settings from Section [/Script/Engine.GarbageCollectionSettings] File [E:/Unreal/Unreal/RPG/Saved/Config/Windows/Engine.ini]
[2020.06.01-12.28.24:742][  0]LogConfig: Setting CVar [[gc.MaxObjectsNotConsideredByGC:1]]
[2020.06.01-12.28.24:742][  0]LogConfig: Setting CVar [[gc.SizeOfPermanentObjectPool:0]]
[2020.06.01-12.28.24:742][  0]LogConfig: Setting CVar [[gc.FlushStreamingOnGC:0]]
[2020.06.01-12.28.24:742][  0]LogConfig: Setting CVar [[gc.NumRetriesBeforeForcingGC:10]]
[2020.06.01-12.28.24:742][  0]LogConfig: Setting CVar [[gc.AllowParallelGC:1]]
[2020.06.01-12.28.24:742][  0]LogConfig: Setting CVar [[gc.TimeBetweenPurgingPendingKillObjects:61.1]]
[2020.06.01-12.28.24:742][  0]LogConfig: Setting CVar [[gc.MaxObjectsInEditor:25165824]]
[2020.06.01-12.28.24:742][  0]LogConfig: Setting CVar [[gc.IncrementalBeginDestroyEnabled:1]]
[2020.06.01-12.28.24:742][  0]LogConfig: Setting CVar [[gc.CreateGCClusters:1]]
[2020.06.01-12.28.24:742][  0]LogConfig: Setting CVar [[gc.MinGCClusterSize:5]]
[2020.06.01-12.28.24:742][  0]LogConfig: Setting CVar [[gc.ActorClusteringEnabled:0]]
[2020.06.01-12.28.24:742][  0]LogConfig: Setting CVar [[gc.BlueprintClusteringEnabled:0]]
[2020.06.01-12.28.24:742][  0]LogConfig: Setting CVar [[gc.UseDisregardForGCOnDedicatedServers:0]]
[2020.06.01-12.28.24:742][  0]LogConfig: Applying CVar settings from Section [/Script/Engine.NetworkSettings] File [E:/Unreal/Unreal/RPG/Saved/Config/Windows/Engine.ini]
[2020.06.01-12.28.24:742][  0]LogConfig: Applying CVar settings from Section [/Script/UnrealEd.CookerSettings] File [E:/Unreal/Unreal/RPG/Saved/Config/Windows/Engine.ini]
[2020.06.01-12.28.24:749][  0]LogConfig: Applying CVar settings from Section [ViewDistanceQuality@3] File [E:/Unreal/Unreal/RPG/Saved/Config/Windows/Scalability.ini]
[2020.06.01-12.28.24:749][  0]LogConfig: Setting CVar [[r.SkeletalMeshLODBias:0]]
[2020.06.01-12.28.24:749][  0]LogConfig: Setting CVar [[r.ViewDistanceScale:1.0]]
[2020.06.01-12.28.24:749][  0]LogConfig: Applying CVar settings from Section [AntiAliasingQuality@3] File [E:/Unreal/Unreal/RPG/Saved/Config/Windows/Scalability.ini]
[2020.06.01-12.28.24:749][  0]LogConfig: Setting CVar [[r.PostProcessAAQuality:4]]
[2020.06.01-12.28.24:749][  0]LogConfig: Applying CVar settings from Section [ShadowQuality@3] File [E:/Unreal/Unreal/RPG/Saved/Config/Windows/Scalability.ini]
[2020.06.01-12.28.24:749][  0]LogConfig: Setting CVar [[r.LightFunctionQuality:1]]
[2020.06.01-12.28.24:750][  0]LogConfig: Setting CVar [[r.ShadowQuality:5]]
[2020.06.01-12.28.24:750][  0]LogConfig: Setting CVar [[r.Shadow.CSM.MaxCascades:10]]
[2020.06.01-12.28.24:750][  0]LogConfig: Setting CVar [[r.Shadow.MaxResolution:2048]]
[2020.06.01-12.28.24:750][  0]LogConfig: Setting CVar [[r.Shadow.MaxCSMResolution:2048]]
[2020.06.01-12.28.24:750][  0]LogConfig: Setting CVar [[r.Shadow.RadiusThreshold:0.01]]
[2020.06.01-12.28.24:750][  0]LogConfig: Setting CVar [[r.Shadow.DistanceScale:1.0]]
[2020.06.01-12.28.24:750][  0]LogConfig: Setting CVar [[r.Shadow.CSM.TransitionScale:1.0]]
[2020.06.01-12.28.24:750][  0]LogConfig: Setting CVar [[r.Shadow.PreShadowResolutionFactor:1.0]]
[2020.06.01-12.28.24:750][  0]LogConfig: Setting CVar [[r.DistanceFieldShadowing:1]]
[2020.06.01-12.28.24:750][  0]LogConfig: Setting CVar [[r.DistanceFieldAO:1]]
[2020.06.01-12.28.24:751][  0]LogConfig: Setting CVar [[r.AOQuality:2]]
[2020.06.01-12.28.24:751][  0]LogConfig: Setting CVar [[r.VolumetricFog:1]]
[2020.06.01-12.28.24:751][  0]LogConfig: Setting CVar [[r.VolumetricFog.GridPixelSize:8]]
[2020.06.01-12.28.24:751][  0]LogConfig: Setting CVar [[r.VolumetricFog.GridSizeZ:128]]
[2020.06.01-12.28.24:751][  0]LogConfig: Setting CVar [[r.VolumetricFog.HistoryMissSupersampleCount:4]]
[2020.06.01-12.28.24:751][  0]LogConfig: Setting CVar [[r.LightMaxDrawDistanceScale:1]]
[2020.06.01-12.28.24:751][  0]LogConfig: Setting CVar [[r.CapsuleShadows:1]]
[2020.06.01-12.28.24:751][  0]LogConfig: Applying CVar settings from Section [PostProcessQuality@3] File [E:/Unreal/Unreal/RPG/Saved/Config/Windows/Scalability.ini]
[2020.06.01-12.28.24:751][  0]LogConfig: Setting CVar [[r.MotionBlurQuality:4]]
[2020.06.01-12.28.24:751][  0]LogConfig: Setting CVar [[r.AmbientOcclusionMipLevelFactor:0.4]]
[2020.06.01-12.28.24:751][  0]LogConfig: Setting CVar [[r.AmbientOcclusionMaxQuality:100]]
[2020.06.01-12.28.24:751][  0]LogConfig: Setting CVar [[r.AmbientOcclusionLevels:-1]]
[2020.06.01-12.28.24:751][  0]LogConfig: Setting CVar [[r.AmbientOcclusionRadiusScale:1.0]]
[2020.06.01-12.28.24:751][  0]LogConfig: Setting CVar [[r.DepthOfFieldQuality:2]]
[2020.06.01-12.28.24:751][  0]LogConfig: Setting CVar [[r.RenderTargetPoolMin:400]]
[2020.06.01-12.28.24:751][  0]LogConfig: Setting CVar [[r.LensFlareQuality:2]]
[2020.06.01-12.28.24:751][  0]LogConfig: Setting CVar [[r.SceneColorFringeQuality:1]]
[2020.06.01-12.28.24:751][  0]LogConfig: Setting CVar [[r.EyeAdaptationQuality:2]]
[2020.06.01-12.28.24:751][  0]LogConfig: Setting CVar [[r.BloomQuality:5]]
[2020.06.01-12.28.24:751][  0]LogConfig: Setting CVar [[r.FastBlurThreshold:100]]
[2020.06.01-12.28.24:751][  0]LogConfig: Setting CVar [[r.Upscale.Quality:3]]
[2020.06.01-12.28.24:751][  0]LogConfig: Setting CVar [[r.Tonemapper.GrainQuantization:1]]
[2020.06.01-12.28.24:751][  0]LogConfig: Setting CVar [[r.LightShaftQuality:1]]
[2020.06.01-12.28.24:751][  0]LogConfig: Setting CVar [[r.Filter.SizeScale:1]]
[2020.06.01-12.28.24:751][  0]LogConfig: Setting CVar [[r.Tonemapper.Quality:5]]
[2020.06.01-12.28.24:751][  0]LogConfig: Setting CVar [[r.DOF.Gather.AccumulatorQuality:1        ; higher gathering accumulator quality]]
[2020.06.01-12.28.24:751][  0]LogConfig: Setting CVar [[r.DOF.Gather.PostfilterMethod:1          ; Median3x3 postfilering method]]
[2020.06.01-12.28.24:752][  0]LogConfig: Setting CVar [[r.DOF.Gather.EnableBokehSettings:0       ; no bokeh simulation when gathering]]
[2020.06.01-12.28.24:752][  0]LogConfig: Setting CVar [[r.DOF.Gather.RingCount:4                 ; medium number of samples when gathering]]
[2020.06.01-12.28.24:752][  0]LogConfig: Setting CVar [[r.DOF.Scatter.ForegroundCompositing:1    ; additive foreground scattering]]
[2020.06.01-12.28.24:752][  0]LogConfig: Setting CVar [[r.DOF.Scatter.BackgroundCompositing:2    ; additive background scattering]]
[2020.06.01-12.28.24:752][  0]LogConfig: Setting CVar [[r.DOF.Scatter.EnableBokehSettings:1      ; bokeh simulation when scattering]]
[2020.06.01-12.28.24:752][  0]LogConfig: Setting CVar [[r.DOF.Scatter.MaxSpriteRatio:0.1         ; only a maximum of 10% of scattered bokeh]]
[2020.06.01-12.28.24:752][  0]LogConfig: Setting CVar [[r.DOF.Recombine.Quality:1                ; cheap slight out of focus]]
[2020.06.01-12.28.24:752][  0]LogConfig: Setting CVar [[r.DOF.Recombine.EnableBokehSettings:0    ; no bokeh simulation on slight out of focus]]
[2020.06.01-12.28.24:752][  0]LogConfig: Setting CVar [[r.DOF.TemporalAAQuality:1                ; more stable temporal accumulation]]
[2020.06.01-12.28.24:752][  0]LogConfig: Setting CVar [[r.DOF.Kernel.MaxForegroundRadius:0.025]]
[2020.06.01-12.28.24:752][  0]LogConfig: Setting CVar [[r.DOF.Kernel.MaxBackgroundRadius:0.025]]
[2020.06.01-12.28.24:752][  0]LogConfig: Applying CVar settings from Section [TextureQuality@3] File [E:/Unreal/Unreal/RPG/Saved/Config/Windows/Scalability.ini]
[2020.06.01-12.28.24:752][  0]LogConfig: Setting CVar [[r.Streaming.MipBias:0]]
[2020.06.01-12.28.24:752][  0]LogConfig: Setting CVar [[r.Streaming.AmortizeCPUToGPUCopy:0]]
[2020.06.01-12.28.24:752][  0]LogConfig: Setting CVar [[r.Streaming.MaxNumTexturesToStreamPerFrame:0]]
[2020.06.01-12.28.24:752][  0]LogConfig: Setting CVar [[r.Streaming.Boost:1]]
[2020.06.01-12.28.24:752][  0]LogConfig: Setting CVar [[r.MaxAnisotropy:8]]
[2020.06.01-12.28.24:752][  0]LogConfig: Setting CVar [[r.VT.MaxAnisotropy:8]]
[2020.06.01-12.28.24:752][  0]LogConfig: Setting CVar [[r.Streaming.LimitPoolSizeToVRAM:0]]
[2020.06.01-12.28.24:752][  0]LogConfig: Setting CVar [[r.Streaming.PoolSize:1000]]
[2020.06.01-12.28.24:752][  0]LogConfig: Setting CVar [[r.Streaming.MaxEffectiveScreenSize:0]]
[2020.06.01-12.28.24:753][  0]LogConfig: Applying CVar settings from Section [EffectsQuality@3] File [E:/Unreal/Unreal/RPG/Saved/Config/Windows/Scalability.ini]
[2020.06.01-12.28.24:753][  0]LogConfig: Setting CVar [[r.TranslucencyLightingVolumeDim:64]]
[2020.06.01-12.28.24:753][  0]LogConfig: Setting CVar [[r.RefractionQuality:2]]
[2020.06.01-12.28.24:753][  0]LogConfig: Setting CVar [[r.SSR.Quality:3]]
[2020.06.01-12.28.24:753][  0]LogConfig: Setting CVar [[r.SSR.HalfResSceneColor:0]]
[2020.06.01-12.28.24:753][  0]LogConfig: Setting CVar [[r.SceneColorFormat:4]]
[2020.06.01-12.28.24:753][  0]LogConfig: Setting CVar [[r.DetailMode:2]]
[2020.06.01-12.28.24:753][  0]LogConfig: Setting CVar [[r.TranslucencyVolumeBlur:1]]
[2020.06.01-12.28.24:753][  0]LogConfig: Setting CVar [[r.MaterialQualityLevel:1 ; High quality]]
[2020.06.01-12.28.24:753][  0]LogConfig: Setting CVar [[r.SSS.Scale:1]]
[2020.06.01-12.28.24:753][  0]LogConfig: Setting CVar [[r.SSS.SampleSet:2]]
[2020.06.01-12.28.24:753][  0]LogConfig: Setting CVar [[r.SSS.Quality:1]]
[2020.06.01-12.28.24:753][  0]LogConfig: Setting CVar [[r.SSS.HalfRes:1]]
[2020.06.01-12.28.24:753][  0]LogConfig: Setting CVar [[r.SSGI.Quality:3]]
[2020.06.01-12.28.24:753][  0]LogConfig: Setting CVar [[r.EmitterSpawnRateScale:1.0]]
[2020.06.01-12.28.24:753][  0]LogConfig: Setting CVar [[r.ParticleLightQuality:2]]
[2020.06.01-12.28.24:753][  0]LogConfig: Setting CVar [[r.SkyAtmosphere.AerialPerspectiveLUT.FastApplyOnOpaque:1 ; Always have FastSkyLUT 1 in this case to avoid wrong sky]]
[2020.06.01-12.28.24:753][  0]LogConfig: Setting CVar [[r.SkyAtmosphere.AerialPerspectiveLUT.SampleCountPerSlice:1]]
[2020.06.01-12.28.24:753][  0]LogConfig: Setting CVar [[r.SkyAtmosphere.AerialPerspectiveLUT.DepthResolution:16.0]]
[2020.06.01-12.28.24:753][  0]LogConfig: Setting CVar [[r.SkyAtmosphere.FastSkyLUT:1]]
[2020.06.01-12.28.24:753][  0]LogConfig: Setting CVar [[r.SkyAtmosphere.FastSkyLUT.SampleCountMin:4.0]]
[2020.06.01-12.28.24:754][  0]LogConfig: Setting CVar [[r.SkyAtmosphere.FastSkyLUT.SampleCountMax:32.0]]
[2020.06.01-12.28.24:754][  0]LogConfig: Setting CVar [[r.SkyAtmosphere.SampleCountMin:4.0]]
[2020.06.01-12.28.24:754][  0]LogConfig: Setting CVar [[r.SkyAtmosphere.SampleCountMax:32.0]]
[2020.06.01-12.28.24:754][  0]LogConfig: Setting CVar [[r.SkyAtmosphere.TransmittanceLUT.UseSmallFormat:0]]
[2020.06.01-12.28.24:754][  0]LogConfig: Setting CVar [[r.SkyAtmosphere.TransmittanceLUT.SampleCount:10.0]]
[2020.06.01-12.28.24:754][  0]LogConfig: Setting CVar [[r.SkyAtmosphere.MultiScatteringLUT.SampleCount:15.0]]
[2020.06.01-12.28.24:754][  0]LogConfig: Applying CVar settings from Section [FoliageQuality@3] File [E:/Unreal/Unreal/RPG/Saved/Config/Windows/Scalability.ini]
[2020.06.01-12.28.24:754][  0]LogConfig: Setting CVar [[foliage.DensityScale:1.0]]
[2020.06.01-12.28.24:754][  0]LogConfig: Setting CVar [[grass.DensityScale:1.0]]
[2020.06.01-12.28.24:754][  0]LogConfig: Applying CVar settings from Section [ShadingQuality@3] File [E:/Unreal/Unreal/RPG/Saved/Config/Windows/Scalability.ini]
[2020.06.01-12.28.24:754][  0]LogConfig: Setting CVar [[r.HairStrands.SkyLighting.SampleCount:16]]
[2020.06.01-12.28.24:754][  0]LogConfig: Setting CVar [[r.HairStrands.SkyLighting.JitterIntegration:0]]
[2020.06.01-12.28.24:754][  0]LogConfig: Setting CVar [[r.HairStrands.SkyAO.SampleCount:16]]
[2020.06.01-12.28.24:754][  0]LogInit: Selected Device Profile: [Windows]
[2020.06.01-12.28.24:754][  0]LogInit: Applying CVar settings loaded from the selected device profile: [Windows]
[2020.06.01-12.28.24:757][  0]LogHAL: Display: Platform has ~ 16 GB [17125888000 / 17179869184 / 16], which maps to Larger [LargestMinGB=32, LargerMinGB=12, DefaultMinGB=8, SmallerMinGB=6, SmallestMinGB=0)
[2020.06.01-12.28.24:757][  0]LogInit: Going up to parent DeviceProfile []
[2020.06.01-12.28.24:757][  0]LogConfig: Applying CVar settings from Section [ViewDistanceQuality@3] File [E:/Unreal/Unreal/RPG/Saved/Config/Windows/Scalability.ini]
[2020.06.01-12.28.24:757][  0]LogConfig: Setting CVar [[r.SkeletalMeshLODBias:0]]
[2020.06.01-12.28.24:758][  0]LogConfig: Setting CVar [[r.ViewDistanceScale:1.0]]
[2020.06.01-12.28.24:758][  0]LogConfig: Applying CVar settings from Section [AntiAliasingQuality@3] File [E:/Unreal/Unreal/RPG/Saved/Config/Windows/Scalability.ini]
[2020.06.01-12.28.24:758][  0]LogConfig: Setting CVar [[r.PostProcessAAQuality:4]]
[2020.06.01-12.28.24:758][  0]LogConfig: Applying CVar settings from Section [ShadowQuality@3] File [E:/Unreal/Unreal/RPG/Saved/Config/Windows/Scalability.ini]
[2020.06.01-12.28.24:758][  0]LogConfig: Setting CVar [[r.LightFunctionQuality:1]]
[2020.06.01-12.28.24:758][  0]LogConfig: Setting CVar [[r.ShadowQuality:5]]
[2020.06.01-12.28.24:758][  0]LogConfig: Setting CVar [[r.Shadow.CSM.MaxCascades:10]]
[2020.06.01-12.28.24:758][  0]LogConfig: Setting CVar [[r.Shadow.MaxResolution:2048]]
[2020.06.01-12.28.24:758][  0]LogConfig: Setting CVar [[r.Shadow.MaxCSMResolution:2048]]
[2020.06.01-12.28.24:758][  0]LogConfig: Setting CVar [[r.Shadow.RadiusThreshold:0.01]]
[2020.06.01-12.28.24:758][  0]LogConfig: Setting CVar [[r.Shadow.DistanceScale:1.0]]
[2020.06.01-12.28.24:758][  0]LogConfig: Setting CVar [[r.Shadow.CSM.TransitionScale:1.0]]
[2020.06.01-12.28.24:758][  0]LogConfig: Setting CVar [[r.Shadow.PreShadowResolutionFactor:1.0]]
[2020.06.01-12.28.24:758][  0]LogConfig: Setting CVar [[r.DistanceFieldShadowing:1]]
[2020.06.01-12.28.24:758][  0]LogConfig: Setting CVar [[r.DistanceFieldAO:1]]
[2020.06.01-12.28.24:758][  0]LogConfig: Setting CVar [[r.AOQuality:2]]
[2020.06.01-12.28.24:758][  0]LogConfig: Setting CVar [[r.VolumetricFog:1]]
[2020.06.01-12.28.24:758][  0]LogConfig: Setting CVar [[r.VolumetricFog.GridPixelSize:8]]
[2020.06.01-12.28.24:758][  0]LogConfig: Setting CVar [[r.VolumetricFog.GridSizeZ:128]]
[2020.06.01-12.28.24:759][  0]LogConfig: Setting CVar [[r.VolumetricFog.HistoryMissSupersampleCount:4]]
[2020.06.01-12.28.24:759][  0]LogConfig: Setting CVar [[r.LightMaxDrawDistanceScale:1]]
[2020.06.01-12.28.24:759][  0]LogConfig: Setting CVar [[r.CapsuleShadows:1]]
[2020.06.01-12.28.24:759][  0]LogConfig: Applying CVar settings from Section [PostProcessQuality@3] File [E:/Unreal/Unreal/RPG/Saved/Config/Windows/Scalability.ini]
[2020.06.01-12.28.24:759][  0]LogConfig: Setting CVar [[r.MotionBlurQuality:4]]
[2020.06.01-12.28.24:759][  0]LogConfig: Setting CVar [[r.AmbientOcclusionMipLevelFactor:0.4]]
[2020.06.01-12.28.24:759][  0]LogConfig: Setting CVar [[r.AmbientOcclusionMaxQuality:100]]
[2020.06.01-12.28.24:759][  0]LogConfig: Setting CVar [[r.AmbientOcclusionLevels:-1]]
[2020.06.01-12.28.24:759][  0]LogConfig: Setting CVar [[r.AmbientOcclusionRadiusScale:1.0]]
[2020.06.01-12.28.24:759][  0]LogConfig: Setting CVar [[r.DepthOfFieldQuality:2]]
[2020.06.01-12.28.24:759][  0]LogConfig: Setting CVar [[r.RenderTargetPoolMin:400]]
[2020.06.01-12.28.24:759][  0]LogConfig: Setting CVar [[r.LensFlareQuality:2]]
[2020.06.01-12.28.24:759][  0]LogConfig: Setting CVar [[r.SceneColorFringeQuality:1]]
[2020.06.01-12.28.24:759][  0]LogConfig: Setting CVar [[r.EyeAdaptationQuality:2]]
[2020.06.01-12.28.24:759][  0]LogConfig: Setting CVar [[r.BloomQuality:5]]
[2020.06.01-12.28.24:759][  0]LogConfig: Setting CVar [[r.FastBlurThreshold:100]]
[2020.06.01-12.28.24:759][  0]LogConfig: Setting CVar [[r.Upscale.Quality:3]]
[2020.06.01-12.28.24:759][  0]LogConfig: Setting CVar [[r.Tonemapper.GrainQuantization:1]]
[2020.06.01-12.28.24:759][  0]LogConfig: Setting CVar [[r.LightShaftQuality:1]]
[2020.06.01-12.28.24:759][  0]LogConfig: Setting CVar [[r.Filter.SizeScale:1]]
[2020.06.01-12.28.24:759][  0]LogConfig: Setting CVar [[r.Tonemapper.Quality:5]]
[2020.06.01-12.28.24:760][  0]LogConfig: Setting CVar [[r.DOF.Gather.AccumulatorQuality:1        ; higher gathering accumulator quality]]
[2020.06.01-12.28.24:760][  0]LogConfig: Setting CVar [[r.DOF.Gather.PostfilterMethod:1          ; Median3x3 postfilering method]]
[2020.06.01-12.28.24:760][  0]LogConfig: Setting CVar [[r.DOF.Gather.EnableBokehSettings:0       ; no bokeh simulation when gathering]]
[2020.06.01-12.28.24:760][  0]LogConfig: Setting CVar [[r.DOF.Gather.RingCount:4                 ; medium number of samples when gathering]]
[2020.06.01-12.28.24:760][  0]LogConfig: Setting CVar [[r.DOF.Scatter.ForegroundCompositing:1    ; additive foreground scattering]]
[2020.06.01-12.28.24:760][  0]LogConfig: Setting CVar [[r.DOF.Scatter.BackgroundCompositing:2    ; additive background scattering]]
[2020.06.01-12.28.24:760][  0]LogConfig: Setting CVar [[r.DOF.Scatter.EnableBokehSettings:1      ; bokeh simulation when scattering]]
[2020.06.01-12.28.24:760][  0]LogConfig: Setting CVar [[r.DOF.Scatter.MaxSpriteRatio:0.1         ; only a maximum of 10% of scattered bokeh]]
[2020.06.01-12.28.24:760][  0]LogConfig: Setting CVar [[r.DOF.Recombine.Quality:1                ; cheap slight out of focus]]
[2020.06.01-12.28.24:760][  0]LogConfig: Setting CVar [[r.DOF.Recombine.EnableBokehSettings:0    ; no bokeh simulation on slight out of focus]]
[2020.06.01-12.28.24:761][  0]LogConfig: Setting CVar [[r.DOF.TemporalAAQuality:1                ; more stable temporal accumulation]]
[2020.06.01-12.28.24:761][  0]LogConfig: Setting CVar [[r.DOF.Kernel.MaxForegroundRadius:0.025]]
[2020.06.01-12.28.24:761][  0]LogConfig: Setting CVar [[r.DOF.Kernel.MaxBackgroundRadius:0.025]]
[2020.06.01-12.28.24:761][  0]LogConfig: Applying CVar settings from Section [TextureQuality@3] File [E:/Unreal/Unreal/RPG/Saved/Config/Windows/Scalability.ini]
[2020.06.01-12.28.24:761][  0]LogConfig: Setting CVar [[r.Streaming.MipBias:0]]
[2020.06.01-12.28.24:761][  0]LogConfig: Setting CVar [[r.Streaming.AmortizeCPUToGPUCopy:0]]
[2020.06.01-12.28.24:761][  0]LogConfig: Setting CVar [[r.Streaming.MaxNumTexturesToStreamPerFrame:0]]
[2020.06.01-12.28.24:761][  0]LogConfig: Setting CVar [[r.Streaming.Boost:1]]
[2020.06.01-12.28.24:761][  0]LogConfig: Setting CVar [[r.MaxAnisotropy:8]]
[2020.06.01-12.28.24:761][  0]LogConfig: Setting CVar [[r.VT.MaxAnisotropy:8]]
[2020.06.01-12.28.24:761][  0]LogConfig: Setting CVar [[r.Streaming.LimitPoolSizeToVRAM:0]]
[2020.06.01-12.28.24:761][  0]LogConfig: Setting CVar [[r.Streaming.PoolSize:1000]]
[2020.06.01-12.28.24:761][  0]LogConfig: Setting CVar [[r.Streaming.MaxEffectiveScreenSize:0]]
[2020.06.01-12.28.24:761][  0]LogConfig: Applying CVar settings from Section [EffectsQuality@3] File [E:/Unreal/Unreal/RPG/Saved/Config/Windows/Scalability.ini]
[2020.06.01-12.28.24:761][  0]LogConfig: Setting CVar [[r.TranslucencyLightingVolumeDim:64]]
[2020.06.01-12.28.24:761][  0]LogConfig: Setting CVar [[r.RefractionQuality:2]]
[2020.06.01-12.28.24:761][  0]LogConfig: Setting CVar [[r.SSR.Quality:3]]
[2020.06.01-12.28.24:761][  0]LogConfig: Setting CVar [[r.SSR.HalfResSceneColor:0]]
[2020.06.01-12.28.24:761][  0]LogConfig: Setting CVar [[r.SceneColorFormat:4]]
[2020.06.01-12.28.24:761][  0]LogConfig: Setting CVar [[r.DetailMode:2]]
[2020.06.01-12.28.24:761][  0]LogConfig: Setting CVar [[r.TranslucencyVolumeBlur:1]]
[2020.06.01-12.28.24:761][  0]LogConfig: Setting CVar [[r.MaterialQualityLevel:1 ; High quality]]
[2020.06.01-12.28.24:761][  0]LogConfig: Setting CVar [[r.SSS.Scale:1]]
[2020.06.01-12.28.24:761][  0]LogConfig: Setting CVar [[r.SSS.SampleSet:2]]
[2020.06.01-12.28.24:761][  0]LogConfig: Setting CVar [[r.SSS.Quality:1]]
[2020.06.01-12.28.24:761][  0]LogConfig: Setting CVar [[r.SSS.HalfRes:1]]
[2020.06.01-12.28.24:761][  0]LogConfig: Setting CVar [[r.SSGI.Quality:3]]
[2020.06.01-12.28.24:761][  0]LogConfig: Setting CVar [[r.EmitterSpawnRateScale:1.0]]
[2020.06.01-12.28.24:761][  0]LogConfig: Setting CVar [[r.ParticleLightQuality:2]]
[2020.06.01-12.28.24:761][  0]LogConfig: Setting CVar [[r.SkyAtmosphere.AerialPerspectiveLUT.FastApplyOnOpaque:1 ; Always have FastSkyLUT 1 in this case to avoid wrong sky]]
[2020.06.01-12.28.24:761][  0]LogConfig: Setting CVar [[r.SkyAtmosphere.AerialPerspectiveLUT.SampleCountPerSlice:1]]
[2020.06.01-12.28.24:761][  0]LogConfig: Setting CVar [[r.SkyAtmosphere.AerialPerspectiveLUT.DepthResolution:16.0]]
[2020.06.01-12.28.24:761][  0]LogConfig: Setting CVar [[r.SkyAtmosphere.FastSkyLUT:1]]
[2020.06.01-12.28.24:761][  0]LogConfig: Setting CVar [[r.SkyAtmosphere.FastSkyLUT.SampleCountMin:4.0]]
[2020.06.01-12.28.24:761][  0]LogConfig: Setting CVar [[r.SkyAtmosphere.FastSkyLUT.SampleCountMax:32.0]]
[2020.06.01-12.28.24:761][  0]LogConfig: Setting CVar [[r.SkyAtmosphere.SampleCountMin:4.0]]
[2020.06.01-12.28.24:761][  0]LogConfig: Setting CVar [[r.SkyAtmosphere.SampleCountMax:32.0]]
[2020.06.01-12.28.24:762][  0]LogConfig: Setting CVar [[r.SkyAtmosphere.TransmittanceLUT.UseSmallFormat:0]]
[2020.06.01-12.28.24:762][  0]LogConfig: Setting CVar [[r.SkyAtmosphere.TransmittanceLUT.SampleCount:10.0]]
[2020.06.01-12.28.24:762][  0]LogConfig: Setting CVar [[r.SkyAtmosphere.MultiScatteringLUT.SampleCount:15.0]]
[2020.06.01-12.28.24:762][  0]LogConfig: Applying CVar settings from Section [FoliageQuality@3] File [E:/Unreal/Unreal/RPG/Saved/Config/Windows/Scalability.ini]
[2020.06.01-12.28.24:762][  0]LogConfig: Setting CVar [[foliage.DensityScale:1.0]]
[2020.06.01-12.28.24:762][  0]LogConfig: Setting CVar [[grass.DensityScale:1.0]]
[2020.06.01-12.28.24:762][  0]LogConfig: Applying CVar settings from Section [ShadingQuality@3] File [E:/Unreal/Unreal/RPG/Saved/Config/Windows/Scalability.ini]
[2020.06.01-12.28.24:762][  0]LogConfig: Setting CVar [[r.HairStrands.SkyLighting.SampleCount:16]]
[2020.06.01-12.28.24:762][  0]LogConfig: Setting CVar [[r.HairStrands.SkyLighting.JitterIntegration:0]]
[2020.06.01-12.28.24:762][  0]LogConfig: Setting CVar [[r.HairStrands.SkyAO.SampleCount:16]]
[2020.06.01-12.28.24:762][  0]LogConfig: Applying CVar settings from Section [Startup] File [../../../Engine/Config/ConsoleVariables.ini]
[2020.06.01-12.28.24:762][  0]LogConfig: Setting CVar [[net.UseAdaptiveNetUpdateFrequency:0]]
[2020.06.01-12.28.24:762][  0]LogConfig: Setting CVar [[p.chaos.AllowCreatePhysxBodies:1]]
[2020.06.01-12.28.24:763][  0]LogConfig: Applying CVar settings from Section [ConsoleVariables] File [E:/Unreal/Unreal/RPG/Saved/Config/Windows/Engine.ini]
[2020.06.01-12.28.24:763][  0]LogInit: Computer: DESKTOP-M6IEROM
[2020.06.01-12.28.24:763][  0]LogInit: User: sam
[2020.06.01-12.28.24:763][  0]LogInit: CPU Page size=4096, Cores=6
[2020.06.01-12.28.24:763][  0]LogInit: High frequency timer resolution =10.000000 MHz
[2020.06.01-12.28.24:763][  0]LogMemory: Memory total: Physical=15.9GB (16GB approx)
[2020.06.01-12.28.24:763][  0]LogMemory: Platform Memory Stats for Windows
[2020.06.01-12.28.24:763][  0]LogMemory: Process Physical Memory: 106.04 MB used, 106.05 MB peak
[2020.06.01-12.28.24:763][  0]LogMemory: Process Virtual Memory: 101.80 MB used, 101.80 MB peak
[2020.06.01-12.28.24:763][  0]LogMemory: Physical Memory: 7048.72 MB used,  9283.80 MB free, 16332.52 MB total
[2020.06.01-12.28.24:763][  0]LogMemory: Virtual Memory: 5159.32 MB used,  134212568.00 MB free, 134217728.00 MB total
[2020.06.01-12.28.24:770][  0]LogWindows: WindowsPlatformFeatures enabled
[2020.06.01-12.28.25:011][  0]LogInit: Overriding language with editor language configuration option (en).
[2020.06.01-12.28.25:011][  0]LogInit: Overriding locale with editor locale configuration option (en).
[2020.06.01-12.28.25:169][  0]LogInit: Setting process to per monitor DPI aware
[2020.06.01-12.28.25:221][  0]LogSlate: New Slate User Created.  User Index 0, Is Virtual User: 0
[2020.06.01-12.28.25:222][  0]LogSlate: Slate User Registered.  User Index 0, Is Virtual User: 0
[2020.06.01-12.28.25:332][  0]LogHMD: Failed to initialize OpenVR with code 110
[2020.06.01-12.28.25:332][  0]LogD3D11RHI: D3D11 min allowed feature level: 11_0
[2020.06.01-12.28.25:332][  0]LogD3D11RHI: D3D11 max allowed feature level: 11_0
[2020.06.01-12.28.25:332][  0]LogD3D11RHI: D3D11 adapters:
[2020.06.01-12.28.25:427][  0]LogD3D11RHI:    0. 'NVIDIA GeForce RTX 2060 SUPER' (Feature Level 11_0)
[2020.06.01-12.28.25:427][  0]LogD3D11RHI:       8031/0/8166 MB DedicatedVideo/DedicatedSystem/SharedSystem, Outputs:2, VendorId:0x10de
[2020.06.01-12.28.25:434][  0]LogD3D11RHI:    1. 'Microsoft Basic Render Driver' (Feature Level 11_0)
[2020.06.01-12.28.25:434][  0]LogD3D11RHI:       0/0/8166 MB DedicatedVideo/DedicatedSystem/SharedSystem, Outputs:0, VendorId:0x1414
[2020.06.01-12.28.25:434][  0]LogD3D11RHI: Chosen D3D11 Adapter: 0
[2020.06.01-12.28.25:441][  0]LogD3D11RHI: Creating new Direct3DDevice
[2020.06.01-12.28.25:442][  0]LogD3D11RHI:     GPU DeviceId: 0x1f06 (for the marketing name, search the web for "GPU Device Id")
[2020.06.01-12.28.25:442][  0]LogWindows: EnumDisplayDevices:
[2020.06.01-12.28.25:442][  0]LogWindows:    0. 'NVIDIA GeForce RTX 2060 SUPER' (P:1 D:1)
[2020.06.01-12.28.25:442][  0]LogWindows:    1. 'NVIDIA GeForce RTX 2060 SUPER' (P:0 D:1)
[2020.06.01-12.28.25:443][  0]LogWindows:    2. 'NVIDIA GeForce RTX 2060 SUPER' (P:0 D:0)
[2020.06.01-12.28.25:443][  0]LogWindows:    3. 'NVIDIA GeForce RTX 2060 SUPER' (P:0 D:0)
[2020.06.01-12.28.25:443][  0]LogWindows: DebugString: FoundDriverCount:4 
[2020.06.01-12.28.25:443][  0]LogD3D11RHI:     Adapter Name: NVIDIA GeForce RTX 2060 SUPER
[2020.06.01-12.28.25:443][  0]LogD3D11RHI:   Driver Version: 446.14 (internal:26.21.14.4614, unified:446.14)
[2020.06.01-12.28.25:443][  0]LogD3D11RHI:      Driver Date: 5-15-2020
[2020.06.01-12.28.25:444][  0]LogRHI: Texture pool is 5621 MB (70% of 8031 MB)
[2020.06.01-12.28.25:499][  0]LogD3D11RHI: RHI has support for 64 bit atomics
[2020.06.01-12.28.25:499][  0]LogD3D11RHI: Async texture creation enabled
[2020.06.01-12.28.25:521][  0]LogD3D11RHI: GPU Timing Frequency: 1000.000000 (Debug: 2 2)
[2020.06.01-12.28.25:781][  0]LogTargetPlatformManager: Display: Loaded TargetPlatform 'AllDesktop'
[2020.06.01-12.28.25:814][  0]LogTargetPlatformManager: Display: Loaded TargetPlatform 'Android'
[2020.06.01-12.28.25:814][  0]LogTargetPlatformManager: Display: Loaded TargetPlatform 'Android_ASTC'
[2020.06.01-12.28.25:814][  0]LogTargetPlatformManager: Display: Loaded TargetPlatform 'Android_ATC'
[2020.06.01-12.28.25:814][  0]LogTargetPlatformManager: Display: Loaded TargetPlatform 'Android_DXT'
[2020.06.01-12.28.25:814][  0]LogTargetPlatformManager: Display: Loaded TargetPlatform 'Android_ETC1'
[2020.06.01-12.28.25:814][  0]LogTargetPlatformManager: Display: Loaded TargetPlatform 'Android_ETC1a'
[2020.06.01-12.28.25:814][  0]LogTargetPlatformManager: Display: Loaded TargetPlatform 'Android_ETC2'
[2020.06.01-12.28.25:814][  0]LogTargetPlatformManager: Display: Loaded TargetPlatform 'Android_PVRTC'
[2020.06.01-12.28.25:814][  0]LogTargetPlatformManager: Display: Loaded TargetPlatform 'AndroidClient'
[2020.06.01-12.28.25:814][  0]LogTargetPlatformManager: Display: Loaded TargetPlatform 'Android_ASTCClient'
[2020.06.01-12.28.25:814][  0]LogTargetPlatformManager: Display: Loaded TargetPlatform 'Android_ATCClient'
[2020.06.01-12.28.25:814][  0]LogTargetPlatformManager: Display: Loaded TargetPlatform 'Android_DXTClient'
[2020.06.01-12.28.25:814][  0]LogTargetPlatformManager: Display: Loaded TargetPlatform 'Android_ETC1Client'
[2020.06.01-12.28.25:814][  0]LogTargetPlatformManager: Display: Loaded TargetPlatform 'Android_ETC1aClient'
[2020.06.01-12.28.25:814][  0]LogTargetPlatformManager: Display: Loaded TargetPlatform 'Android_ETC2Client'
[2020.06.01-12.28.25:814][  0]LogTargetPlatformManager: Display: Loaded TargetPlatform 'Android_PVRTCClient'
[2020.06.01-12.28.25:814][  0]LogTargetPlatformManager: Display: Loaded TargetPlatform 'Android_Multi'
[2020.06.01-12.28.25:814][  0]LogTargetPlatformManager: Display: Loaded TargetPlatform 'Android_MultiClient'
[2020.06.01-12.28.25:840][  0]LogTargetPlatformManager: Display: Loaded TargetPlatform 'IOSClient'
[2020.06.01-12.28.25:840][  0]LogTargetPlatformManager: Display: Loaded TargetPlatform 'IOS'
[2020.06.01-12.28.25:849][  0]LogTargetPlatformManager: Display: Loaded TargetPlatform 'LinuxNoEditor'
[2020.06.01-12.28.25:859][  0]LogTargetPlatformManager: Display: Loaded TargetPlatform 'LinuxClient'
[2020.06.01-12.28.25:868][  0]LogTargetPlatformManager: Display: Loaded TargetPlatform 'LinuxServer'
[2020.06.01-12.28.25:877][  0]LogTargetPlatformManager: Display: Loaded TargetPlatform 'LinuxAArch64NoEditor'
[2020.06.01-12.28.25:887][  0]LogTargetPlatformManager: Display: Loaded TargetPlatform 'LinuxAArch64Client'
[2020.06.01-12.28.25:896][  0]LogTargetPlatformManager: Display: Loaded TargetPlatform 'LinuxAArch64Server'
[2020.06.01-12.28.25:924][  0]LogTargetPlatformManager: Display: Loaded TargetPlatform 'Lumin'
[2020.06.01-12.28.25:924][  0]LogTargetPlatformManager: Display: Loaded TargetPlatform 'LuminClient'
[2020.06.01-12.28.25:941][  0]LogTargetPlatformManager: Display: Loaded TargetPlatform 'TVOSClient'
[2020.06.01-12.28.25:941][  0]LogTargetPlatformManager: Display: Loaded TargetPlatform 'TVOS'
[2020.06.01-12.28.25:950][  0]LogTargetPlatformManager: Display: Loaded TargetPlatform 'WindowsNoEditor'
[2020.06.01-12.28.25:959][  0]LogTargetPlatformManager: Display: Loaded TargetPlatform 'Windows'
[2020.06.01-12.28.25:969][  0]LogTargetPlatformManager: Display: Loaded TargetPlatform 'WindowsClient'
[2020.06.01-12.28.25:978][  0]LogTargetPlatformManager: Display: Loaded TargetPlatform 'WindowsServer'
[2020.06.01-12.28.25:978][  0]LogTargetPlatformManager: Display: Building Assets For Windows
[2020.06.01-12.28.25:989][  0]LogAudioDebug: Display: Lib vorbis DLL was dynamically loaded.
[2020.06.01-12.28.26:060][  0]LogShaderCompilers: Guid format shader working directory is 23 characters bigger than the processId version (E:/Unreal/Unreal/RPG/Intermediate/Shaders/WorkingDirectory/17104/).
[2020.06.01-12.28.26:060][  0]LogShaderCompilers: Cleaned the shader compiler working directory 'C:/Users/sam/AppData/Local/Temp/UnrealShaderWorkingDir/FCDB20D34E6A24EB27AF65BA8B945820/'.
[2020.06.01-12.28.26:061][  0]LogXGEController: Cleaning working directory: C:/Users/sam/AppData/Local/Temp/UnrealXGEWorkingDir/
[2020.06.01-12.28.26:061][  0]LogXGEController: Cannot use XGE Controller as Incredibuild is not installed on this machine.
[2020.06.01-12.28.26:061][  0]LogShaderCompilers: Cannot use XGE Shader Compiler as Incredibuild is not installed on this machine.
[2020.06.01-12.28.26:062][  0]LogShaderCompilers: Display: Using Local Shader Compiler.
[2020.06.01-12.28.26:678][  0]LogDerivedDataCache: Display: Max Cache Size: 512 MB
[2020.06.01-12.28.26:719][  0]LogDerivedDataCache: Loaded boot cache 0.04s 78MB C:/Users/sam/AppData/Local/UnrealEngine/4.24/DerivedDataCache/Boot.ddc.
[2020.06.01-12.28.26:719][  0]LogDerivedDataCache: Display: Loaded Boot cache: C:/Users/sam/AppData/Local/UnrealEngine/4.24/DerivedDataCache/Boot.ddc
[2020.06.01-12.28.26:719][  0]LogDerivedDataCache: FDerivedDataBackendGraph:  Pak pak cache file E:/Unreal/Unreal/RPG/DerivedDataCache/DDC.ddp not found, will not use a pak cache.
[2020.06.01-12.28.26:719][  0]LogDerivedDataCache: Unable to find inner node Pak for hierarchical cache Hierarchy.
[2020.06.01-12.28.26:719][  0]LogDerivedDataCache: FDerivedDataBackendGraph:  CompressedPak pak cache file E:/Unreal/Unreal/RPG/DerivedDataCache/Compressed.ddp not found, will not use a pak cache.
[2020.06.01-12.28.26:719][  0]LogDerivedDataCache: Unable to find inner node CompressedPak for hierarchical cache Hierarchy.
[2020.06.01-12.28.26:730][  0]LogDerivedDataCache: Display: Pak cache opened for reading ../../../Engine/DerivedDataCache/Compressed.ddp.
[2020.06.01-12.28.26:730][  0]LogDerivedDataCache: FDerivedDataBackendGraph:  EnterprisePak pak cache file ../../../Enterprise/DerivedDataCache/Compressed.ddp not found, will not use a pak cache.
[2020.06.01-12.28.26:730][  0]LogDerivedDataCache: Unable to find inner node EnterprisePak for hierarchical cache Hierarchy.
[2020.06.01-12.28.26:732][  0]LogDerivedDataCache: Using Local data cache path C:/Users/sam/AppData/Local/UnrealEngine/Common/DerivedDataCache: Writable
[2020.06.01-12.28.26:732][  0]LogDerivedDataCache: Shared data cache path not found in *engine.ini, will not use an Shared cache.
[2020.06.01-12.28.26:732][  0]LogDerivedDataCache: Unable to find inner node Shared for hierarchical cache Hierarchy.
[2020.06.01-12.28.26:755][  0]LogMaterial: Verifying Global Shaders for PCD3D_SM5
[2020.06.01-12.28.26:757][  0]LogSlate: Using FreeType 2.10.0
[2020.06.01-12.28.26:758][  0]LogSlate: SlateFontServices - WITH_FREETYPE: 1, WITH_HARFBUZZ: 1
[2020.06.01-12.28.26:803][  0]LogAssetRegistry: FAssetRegistry took 0.0052 seconds to start up
[2020.06.01-12.28.27:061][  0]LogInit: Selected Device Profile: [Windows]
[2020.06.01-12.28.27:211][  0]LogMeshReduction: Using QuadricMeshReduction for automatic static mesh reduction
[2020.06.01-12.28.27:211][  0]LogMeshReduction: Using SimplygonMeshReduction for automatic skeletal mesh reduction
[2020.06.01-12.28.27:211][  0]LogMeshReduction: Using ProxyLODMeshReduction for automatic mesh merging
[2020.06.01-12.28.27:211][  0]LogMeshReduction: No distributed automatic mesh merging module available
[2020.06.01-12.28.27:211][  0]LogMeshMerging: No distributed automatic mesh merging module available
[2020.06.01-12.28.27:224][  0]LogNetVersion: RPG 1.0.0, NetCL: 10570792, EngineNetVer: 13, GameNetVer: 0 (Checksum: 3823170462)
[2020.06.01-12.28.28:061][  0]LogPackageLocalizationCache: Processed 10 localized package path(s) for 1 prioritized culture(s) in 0.038978 seconds
[2020.06.01-12.28.28:069][  0]LogUObjectArray: 46750 objects as part of root set at end of initial load.
[2020.06.01-12.28.28:069][  0]LogUObjectAllocator: 8137160 out of 0 bytes used by permanent object pool.
[2020.06.01-12.28.28:069][  0]LogUObjectArray: CloseDisregardForGC: 0/0 objects in disregard for GC pool
[2020.06.01-12.28.28:591][  0]LogTcpMessaging: Initializing TcpMessaging bridge
[2020.06.01-12.28.28:596][  0]LogUdpMessaging: Initializing bridge on interface 0.0.0.0:0 to multicast group 230.0.0.1:6666.
[2020.06.01-12.28.28:697][  0]SourceControl: Source control is disabled
[2020.06.01-12.28.28:697][  0]SourceControl: Source control is disabled
[2020.06.01-12.28.28:700][  0]SourceControl: Source control is disabled
[2020.06.01-12.28.28:704][  0]SourceControl: Source control is disabled
[2020.06.01-12.28.28:706][  0]SourceControl: Source control is disabled
[2020.06.01-12.28.28:881][  0]LogAndroidPermission: UAndroidPermissionCallbackProxy::GetInstance
[2020.06.01-12.28.28:905][  0]LogAudioCaptureCore: Display: No Audio Capture implementations found. Audio input will be silent.
[2020.06.01-12.28.28:905][  0]LogAudioCaptureCore: Display: No Audio Capture implementations found. Audio input will be silent.
[2020.06.01-12.28.29:016][  0]LogOcInput: OculusInput pre-init called
[2020.06.01-12.28.29:032][  0]LogWindows: Failed to load 'OVRPlugin.dll' (GetLastError=126)
[2020.06.01-12.28.29:033][  0]LogWindows: File 'OVRPlugin.dll' does not exist
[2020.06.01-12.28.29:115][  0]LogEngine: Initializing Engine...
[2020.06.01-12.28.29:117][  0]LogHMD: Failed to initialize OpenVR with code 110
[2020.06.01-12.28.29:118][  0]LogStats: UGameplayTagsManager::InitializeManager -  0.000 s
[2020.06.01-12.28.29:395][  0]LogInit: Initializing FReadOnlyCVARCache
[2020.06.01-12.28.29:404][  0]LogAIModule: Creating AISystem for world Untitled
[2020.06.01-12.28.29:413][  0]LogAudioMixer: Display: Audio Mixer Platform Settings:
[2020.06.01-12.28.29:413][  0]LogAudioMixer: Display: 	Sample Rate:						  48000
[2020.06.01-12.28.29:413][  0]LogAudioMixer: Display: 	Callback Buffer Frame Size Requested: 1024
[2020.06.01-12.28.29:413][  0]LogAudioMixer: Display: 	Callback Buffer Frame Size To Use:	  1024
[2020.06.01-12.28.29:413][  0]LogAudioMixer: Display: 	Number of buffers to queue:			  2
[2020.06.01-12.28.29:413][  0]LogAudioMixer: Display: 	Max Channels (voices):				  32
[2020.06.01-12.28.29:413][  0]LogAudioMixer: Display: 	Number of Async Source Workers:		  0
[2020.06.01-12.28.29:413][  0]LogAudio: Display: AudioDevice MaxSources: 32
[2020.06.01-12.28.29:413][  0]LogAudio: Display: Using built-in audio occlusion.
[2020.06.01-12.28.29:413][  0]LogAudioMixer: Display: Initializing audio mixer.
[2020.06.01-12.28.29:486][  0]LogAudioMixer: Display: Audio Device Output Speaker Info:
[2020.06.01-12.28.29:486][  0]LogAudioMixer: Display: Name: Auriculares (XMFHZ02 Stereo)
[2020.06.01-12.28.29:486][  0]LogAudioMixer: Display: Is Default: Yes
[2020.06.01-12.28.29:486][  0]LogAudioMixer: Display: Sample Rate: 44100
[2020.06.01-12.28.29:486][  0]LogAudioMixer: Display: Channel Count Used: 2
[2020.06.01-12.28.29:487][  0]LogAudioMixer: Display: Device Channel Count: 2
[2020.06.01-12.28.29:487][  0]LogAudioMixer: Display: Channel Order:
[2020.06.01-12.28.29:487][  0]LogAudioMixer: Display: 0: FrontLeft
[2020.06.01-12.28.29:487][  0]LogAudioMixer: Display: 1: FrontRight
[2020.06.01-12.28.29:515][  0]LogAudioMixer: Display: Using Audio Device Auriculares (XMFHZ02 Stereo)
[2020.06.01-12.28.29:522][  0]LogInit: FAudioDevice initialized.
[2020.06.01-12.28.29:522][  0]LogNetVersion: Set ProjectVersion to 1.0.0.0. Version Checksum will be recalculated on next use.
[2020.06.01-12.28.29:573][  0]LogDerivedDataCache: Saved boot cache 0.05s 78MB C:/Users/sam/AppData/Local/UnrealEngine/4.24/DerivedDataCache/Boot.ddc.
[2020.06.01-12.28.29:574][  0]LogInit: Texture streaming: Enabled
[2020.06.01-12.28.29:593][  0]LogEngineSessionManager: EngineSessionManager initialized
[2020.06.01-12.28.29:593][  0]LogEditorSessionSummary: Verbose: Initializing EditorSessionSummaryWriter for editor session tracking
[2020.06.01-12.28.29:595][  0]LogEditorSessionSummary: EditorSessionSummaryWriter initialized
[2020.06.01-12.28.29:626][  0]LogInit: Transaction tracking system initialized
[2020.06.01-12.28.29:646][  0]BlueprintLog: New page: Editor Load
[2020.06.01-12.28.29:707][  0]LocalizationService: Localization service is disabled
[2020.06.01-12.28.30:007][  0]LogFileCache: Scanning file cache for directory 'E:/Unreal/Unreal/RPG/Content/' took 0.01s
[2020.06.01-12.28.30:007][  0]LogCook: Display: Max memory allowance for cook 16384mb min free memory 0mb
[2020.06.01-12.28.30:008][  0]LogCook: Display: Mobile HDR setting 1
[2020.06.01-12.28.30:586][  0]SourceControl: Source control is disabled
[2020.06.01-12.28.30:586][  0]Cmd: MAP LOAD FILE="E:/Unreal/Unreal/RPG/Content/StarterContent/Maps/Minimal_Default.umap" TEMPLATE=0 SHOWPROGRESS=1 FEATURELEVEL=3
[2020.06.01-12.28.30:586][  0]LightingResults: New page: Lighting Build
[2020.06.01-12.28.30:587][  0]LogWorld: UWorld::CleanupWorld for Untitled, bSessionEnded=true, bCleanupResources=true
[2020.06.01-12.28.30:587][  0]LogSlate: InvalidateAllWidgets triggered.  All widgets were invalidated
[2020.06.01-12.28.30:587][  0]MapCheck: New page: Map Check
[2020.06.01-12.28.30:588][  0]LightingResults: New page: Lighting Build
[2020.06.01-12.28.30:616][  0]LogUObjectHash: Compacting FUObjectHashTables data took   1.68ms
[2020.06.01-12.28.30:664][  0]LogLinker: Error: Failed import: class 'StaticMeshComponent' name 'MeshComponent' outer 'Default__Critter_BP_C'. There is another object (of 'SkeletalMeshComponent' class) at the path.
[2020.06.01-12.28.30:665][  0]LogLinker: Error: Failed import: class 'StaticMeshComponent' name 'MeshComponent' outer 'Default__Critter_BP_C'. There is another object (of 'SkeletalMeshComponent' class) at the path.
[2020.06.01-12.28.30:681][  0]LogLinker: Error: Failed import: class 'StaticMeshComponent' name 'MeshComponent' outer 'Default__Critter_BP_C'. There is another object (of 'SkeletalMeshComponent' class) at the path.
[2020.06.01-12.28.30:682][  0]LogLinker: Error: Failed import: class 'StaticMeshComponent' name 'MeshComponent' outer 'Critter_BP_2'. There is another object (of 'SkeletalMeshComponent' class) at the path.
[2020.06.01-12.28.30:687][  0]LogLinker: Error: Failed import: class 'StaticMeshComponent' name 'MeshComponent' outer 'Critter_BP_2'. There is another object (of 'SkeletalMeshComponent' class) at the path.
[2020.06.01-12.28.30:802][  0]LogAIModule: Creating AISystem for world Minimal_Default
[2020.06.01-12.28.30:810][  0]LogEditorServer: Finished looking for orphan Actors (0.000 secs)
[2020.06.01-12.28.30:841][  0]LogUObjectHash: Compacting FUObjectHashTables data took   2.36ms
[2020.06.01-12.28.30:841][  0]Cmd: MAP CHECKDEP NOCLEARLOG
[2020.06.01-12.28.30:842][  0]MapCheck: Map check complete: 0 Error(s), 0 Warning(s), took 0.205ms to complete.
[2020.06.01-12.28.30:842][  0]LogFileHelpers: Loading map 'Minimal_Default' took 0.256
[2020.06.01-12.28.30:991][  0]LogSlate: Updating window title bar state: overlay mode, drag disabled, window buttons hidden, title bar hidden
[2020.06.01-12.28.30:996][  0]LogSlate: Updating window title bar state: overlay mode, drag disabled, window buttons hidden, title bar hidden
[2020.06.01-12.28.31:002][  0]LogSlate: Updating window title bar state: overlay mode, drag disabled, window buttons hidden, title bar hidden
[2020.06.01-12.28.31:008][  0]LogSlate: Updating window title bar state: overlay mode, drag disabled, window buttons hidden, title bar hidden
[2020.06.01-12.28.31:014][  0]LogCollectionManager: Loaded 0 collections in 0.001678 seconds
[2020.06.01-12.28.31:031][  0]LogFileCache: Scanning file cache for directory 'E:/Unreal/Unreal/RPG/Saved/Collections/' took 0.00s
[2020.06.01-12.28.31:031][  0]LogFileCache: Scanning file cache for directory 'E:/Unreal/Unreal/RPG/Content/Developers/sam/Collections/' took 0.00s
[2020.06.01-12.28.31:031][  0]LogFileCache: Scanning file cache for directory 'E:/Unreal/Unreal/RPG/Content/Collections/' took 0.00s
[2020.06.01-12.28.31:031][  0]LogContentBrowser: Native class hierarchy populated in 0.0083 seconds. Added 3018 classes and 719 folders.
[2020.06.01-12.28.31:033][  0]LogContentBrowser: Native class hierarchy updated for 'WidgetCarousel' in 0.0003 seconds. Added 0 classes and 0 folders.
[2020.06.01-12.28.31:074][  0]LogContentBrowser: Native class hierarchy updated for 'AddContentDialog' in 0.0003 seconds. Added 0 classes and 0 folders.
[2020.06.01-12.28.31:081][  0]LogContentBrowser: Native class hierarchy updated for 'SceneOutliner' in 0.0003 seconds. Added 2 classes and 3 folders.
[2020.06.01-12.28.31:168][  0]LogSlate: Took 0.000147 seconds to synchronously load lazily loaded font '../../../Engine/Content/Slate/Fonts/Roboto-Regular.ttf' (155K)
[2020.06.01-12.28.31:170][  0]LogSlate: Took 0.000096 seconds to synchronously load lazily loaded font '../../../Engine/Content/Slate/Fonts/Roboto-Bold.ttf' (160K)
[2020.06.01-12.28.31:174][  0]LogSlate: Took 0.000084 seconds to synchronously load lazily loaded font '../../../Engine/Content/Editor/Slate/Fonts/FontAwesome.ttf' (139K)
[2020.06.01-12.28.31:232][  0]LogRenderer: Reallocating scene render targets to support 1208x572 Format 10 NumSamples 1 (Frame:1).
[2020.06.01-12.28.31:267][  0]LogSlate: Took 0.000131 seconds to synchronously load lazily loaded font '../../../Engine/Content/Slate/Fonts/Roboto-Light.ttf' (167K)
[2020.06.01-12.28.31:329][  0]LogContentBrowser: Native class hierarchy updated for 'HierarchicalLODOutliner' in 0.0004 seconds. Added 0 classes and 0 folders.
[2020.06.01-12.28.31:329][  0]LogLoad: (Engine Initialization) Total time: 8.02 seconds
[2020.06.01-12.28.31:329][  0]LogLoad: (Engine Initialization) Total Blueprint compile time: 0.00 seconds
[2020.06.01-12.28.31:380][  0]LogAssetRegistry: Asset discovery search completed in 4.5794 seconds
[2020.06.01-12.28.31:383][  0]LogCollectionManager: Fixed up redirectors for 0 collections in 0.000006 seconds (updated 0 objects)
[2020.06.01-12.28.31:384][  0]LogContentStreaming: Texture pool size now 1000 MB
[2020.06.01-12.28.42:156][248]LogSlate: Took 0.000157 seconds to synchronously load lazily loaded font '../../../Engine/Content/Slate/Fonts/Roboto-Light.ttf' (167K)
[2020.06.01-12.28.42:174][248]LogAssetEditorSubsystem: Opening Asset editor for Blueprint /Game/Blueprint/Critter_BP.Critter_BP
[2020.06.01-12.28.42:276][248]LogContentBrowser: Native class hierarchy updated for 'BlueprintGraph' in 0.0005 seconds. Added 121 classes and 0 folders.
[2020.06.01-12.28.44:438][417]LogSlate: Window 'Class Defaults' being destroyed
[2020.06.01-12.28.44:441][417]LogSlate: Window 'Class Defaults' being destroyed
[2020.06.01-12.28.44:442][417]LogWorld: UWorld::CleanupWorld for World_0, bSessionEnded=true, bCleanupResources=true
[2020.06.01-12.28.44:442][417]LogSlate: InvalidateAllWidgets triggered.  All widgets were invalidated
[2020.06.01-12.28.44:488][417]LogAssetEditorSubsystem: Opening Asset editor for Blueprint /Game/Blueprint/Critter_BP.Critter_BP
[2020.06.01-12.28.44:740][417]LogSlate: Took 0.000175 seconds to synchronously load lazily loaded font '../../../Engine/Content/Slate/Fonts/Roboto-BoldCondensed.ttf' (158K)
[2020.06.01-12.28.44:829][425]LogSlate: Took 0.000166 seconds to synchronously load lazily loaded font '../../../Engine/Content/Slate/Fonts/Roboto-Italic.ttf' (157K)
[2020.06.01-12.28.46:894][665]LogWorld: UWorld::CleanupWorld for World_1, bSessionEnded=true, bCleanupResources=true
[2020.06.01-12.28.46:894][665]LogSlate: InvalidateAllWidgets triggered.  All widgets were invalidated
[2020.06.01-12.28.51:691][199]LogUObjectHash: Compacting FUObjectHashTables data took   3.33ms
[2020.06.01-12.28.55:520][199]LogSlate: Window 'Delete Assets' being destroyed
[2020.06.01-12.28.57:291][199]LogUObjectGlobals: Force Deleting 1 Package(s):
	Asset Name: /Game/Blueprint/Critter_BP.Critter_BP
[2020.06.01-12.28.57:749][199]LogUObjectHash: Compacting FUObjectHashTables data took   2.61ms
[2020.06.01-12.28.57:975][199]LogUObjectHash: Compacting FUObjectHashTables data took   2.31ms
[2020.06.01-12.28.58:005][199]LogUObjectHash: Compacting FUObjectHashTables data took   2.30ms
[2020.06.01-12.28.58:035][199]LogUObjectHash: Compacting FUObjectHashTables data took   0.98ms
[2020.06.01-12.29.02:934][746]LogSlate: WidgetSwitcher ('None') active index changed to -1
[2020.06.01-12.29.02:934][746]LogSlate: WidgetSwitcher ('None') active index changed to 1
[2020.06.01-12.29.11:321][738]LogAssetEditorSubsystem: Opening Asset editor for Blueprint /Game/Blueprint/Critter_BP.Critter_BP
[2020.06.01-12.29.11:576][738]LogSlate: Window 'Add Blueprint Class' being destroyed
[2020.06.01-12.29.11:617][739]LogRenderer: Reallocating scene render targets to support 1208x708 Format 10 NumSamples 1 (Frame:1).
[2020.06.01-12.38.31:598][700]LogUObjectHash: Compacting FUObjectHashTables data took   2.89ms
[2020.06.01-12.38.31:791][700]LogSavePackage: Moving 'E:/Unreal/Unreal/RPG/Saved/Minimal_Default_Auto15205988B473485EE12B203AACF1693FF.tmp' to 'E:/Unreal/Unreal/RPG/Saved/Autosaves/Game/StarterContent/Maps/Minimal_Default_Auto1.umap'
[2020.06.01-12.38.31:793][700]LogFileHelpers: Editor autosave (incl. sublevels) for '/Game/StarterContent/Maps/Minimal_Default' took 0.230
[2020.06.01-12.38.31:793][700]LogFileHelpers: Editor autosave (incl. sublevels) for all levels took 0.230
[2020.06.01-12.38.31:794][700]OBJ SavePackage: Generating thumbnails for [0] asset(s) in package [/Game/Blueprint/CritterGameMode_BP] ([1] browsable assets)...
[2020.06.01-12.38.31:794][700]OBJ SavePackage: Finished generating thumbnails for package [/Game/Blueprint/CritterGameMode_BP]
[2020.06.01-12.38.31:794][700]Cmd: OBJ SAVEPACKAGE PACKAGE="/Game/Blueprint/CritterGameMode_BP" FILE="E:/Unreal/Unreal/RPG/Saved/Autosaves/Game/Blueprint/CritterGameMode_BP_Auto1.uasset" SILENT=false AUTOSAVING=true
[2020.06.01-12.38.31:799][700]LogSavePackage: Moving 'E:/Unreal/Unreal/RPG/Saved/CritterGameMode_BP_Auto170390B7840992BD6AAEFA7AA15EE9E61.tmp' to 'E:/Unreal/Unreal/RPG/Saved/Autosaves/Game/Blueprint/CritterGameMode_BP_Auto1.uasset'
[2020.06.01-12.38.31:799][700]OBJ SavePackage: Generating thumbnails for [1] asset(s) in package [/Game/Blueprint/Critter_BP] ([1] browsable assets)...
[2020.06.01-12.38.31:827][700]OBJ SavePackage:     Rendered thumbnail for [Blueprint /Game/Blueprint/Critter_BP.Critter_BP]
[2020.06.01-12.38.31:827][700]OBJ SavePackage: Finished generating thumbnails for package [/Game/Blueprint/Critter_BP]
[2020.06.01-12.38.31:827][700]Cmd: OBJ SAVEPACKAGE PACKAGE="/Game/Blueprint/Critter_BP" FILE="E:/Unreal/Unreal/RPG/Saved/Autosaves/Game/Blueprint/Critter_BP_Auto1.uasset" SILENT=false AUTOSAVING=true
[2020.06.01-12.38.31:838][700]LogSavePackage: Moving 'E:/Unreal/Unreal/RPG/Saved/Critter_BP_Auto1A8D30D164074DD59540C5E99A562A17D.tmp' to 'E:/Unreal/Unreal/RPG/Saved/Autosaves/Game/Blueprint/Critter_BP_Auto1.uasset'
[2020.06.01-12.38.31:839][700]LogFileHelpers: Auto-saving content packages took 0.046
[2020.06.01-12.42.02:806][594]LogAnimationCompression: Building Anim DDC data for AnimSequence /Game/InfinityBladeAdversaries/Enemy/Enemy_Great_Spider/Enemy_SpiderGreater_Animation/ExoGame_Greater_Spider_Falling.ExoGame_Greater_Spider_Falling
[2020.06.01-12.42.02:806][594]LogAnimationCompression: Recompressing (AnimSequence /Game/InfinityBladeAdversaries/Enemy/Enemy_Great_Spider/Enemy_SpiderGreater_Animation/ExoGame_Greater_Spider_Falling.ExoGame_Greater_Spider_Falling) using current/default (AnimCompress_RemoveLinearKeys_26) bFirstRecompressUsingCurrentOrDefault(1) bTryAlternateCompressor(0) IsCompressedDataValid(0)
[2020.06.01-12.42.11:569][590]LogAnimationCompression: Building Anim DDC data for AnimSequence /Game/InfinityBladeAdversaries/Enemy/Enemy_Great_Spider/Enemy_SpiderGreater_Animation/ExoGame_Greater_Spider_Idle.ExoGame_Greater_Spider_Idle
[2020.06.01-12.42.11:570][590]LogAnimationCompression: Recompressing (AnimSequence /Game/InfinityBladeAdversaries/Enemy/Enemy_Great_Spider/Enemy_SpiderGreater_Animation/ExoGame_Greater_Spider_Idle.ExoGame_Greater_Spider_Idle) using current/default (AnimCompress_RemoveLinearKeys_27) bFirstRecompressUsingCurrentOrDefault(1) bTryAlternateCompressor(0) IsCompressedDataValid(0)
[2020.06.01-12.42.18:981][451]BlueprintLog: New page: Compile Critter_BP
[2020.06.01-12.42.19:214][451]LogUObjectHash: Compacting FUObjectHashTables data took   3.16ms
[2020.06.01-12.42.33:823][184]LogTemp: Repeating last play command: Selected Viewport
[2020.06.01-12.42.33:831][184]LogBlueprintUserMessages: Early PlayInEditor Detection: Level '/Game/StarterContent/Maps/Minimal_Default.Minimal_Default:PersistentLevel' has LevelScriptBlueprint '/Game/StarterContent/Maps/Minimal_Default.Minimal_Default:PersistentLevel.Minimal_Default' with GeneratedClass '/Game/StarterContent/Maps/Minimal_Default.Minimal_Default_C' with ClassGeneratedBy '/Game/StarterContent/Maps/Minimal_Default.Minimal_Default:PersistentLevel.Minimal_Default'
[2020.06.01-12.42.33:831][184]LogPlayLevel: PlayLevel: No blueprints needed recompiling
[2020.06.01-12.42.33:831][184]PIE: New page: PIE session: Minimal_Default (Jun 1, 2020, 4:42:33 PM)
[2020.06.01-12.42.33:833][184]LogOnline: OSS: Creating online subsystem instance for: NULL
[2020.06.01-12.42.33:835][184]LogOnline: OSS: TryLoadSubsystemAndSetDefault: Loaded subsystem for module [NULL]
[2020.06.01-12.42.33:835][184]LogPlayLevel: Creating play world package: /Game/StarterContent/Maps/UEDPIE_0_Minimal_Default
[2020.06.01-12.42.33:838][184]LogPlayLevel: PIE: StaticDuplicateObject took: (0.003033s)
[2020.06.01-12.42.33:839][184]LogAIModule: Creating AISystem for world Minimal_Default
[2020.06.01-12.42.33:839][184]LogPlayLevel: PIE: World Init took: (0.001111s)
[2020.06.01-12.42.33:839][184]LogPlayLevel: PIE: Created PIE world by copying editor world from /Game/StarterContent/Maps/Minimal_Default.Minimal_Default to /Game/StarterContent/Maps/UEDPIE_0_Minimal_Default.Minimal_Default (0.004629s)
[2020.06.01-12.42.33:876][184]LogUObjectHash: Compacting FUObjectHashTables data took   2.75ms
[2020.06.01-12.42.33:877][184]LogAudioMixer: Display: Audio Mixer Platform Settings:
[2020.06.01-12.42.33:878][184]LogAudioMixer: Display: 	Sample Rate:						  48000
[2020.06.01-12.42.33:878][184]LogAudioMixer: Display: 	Callback Buffer Frame Size Requested: 1024
[2020.06.01-12.42.33:878][184]LogAudioMixer: Display: 	Callback Buffer Frame Size To Use:	  1024
[2020.06.01-12.42.33:878][184]LogAudioMixer: Display: 	Number of buffers to queue:			  2
[2020.06.01-12.42.33:878][184]LogAudioMixer: Display: 	Max Channels (voices):				  32
[2020.06.01-12.42.33:878][184]LogAudioMixer: Display: 	Number of Async Source Workers:		  0
[2020.06.01-12.42.33:878][184]LogAudio: Display: AudioDevice MaxSources: 32
[2020.06.01-12.42.33:878][184]LogAudio: Display: Using built-in audio occlusion.
[2020.06.01-12.42.33:878][184]LogAudioMixer: Display: Initializing audio mixer.
[2020.06.01-12.42.33:940][184]LogAudioMixer: Display: Audio Device Output Speaker Info:
[2020.06.01-12.42.33:940][184]LogAudioMixer: Display: Name: Auriculares (XMFHZ02 Stereo)
[2020.06.01-12.42.33:940][184]LogAudioMixer: Display: Is Default: Yes
[2020.06.01-12.42.33:940][184]LogAudioMixer: Display: Sample Rate: 44100
[2020.06.01-12.42.33:940][184]LogAudioMixer: Display: Channel Count Used: 2
[2020.06.01-12.42.33:940][184]LogAudioMixer: Display: Device Channel Count: 2
[2020.06.01-12.42.33:940][184]LogAudioMixer: Display: Channel Order:
[2020.06.01-12.42.33:940][184]LogAudioMixer: Display: 0: FrontLeft
[2020.06.01-12.42.33:941][184]LogAudioMixer: Display: 1: FrontRight
[2020.06.01-12.42.33:954][184]LogAudioMixer: Display: Using Audio Device Auriculares (XMFHZ02 Stereo)
[2020.06.01-12.42.33:957][184]LogInit: FAudioDevice initialized.
[2020.06.01-12.42.33:968][184]LogLoad: Game class is 'CritterGameMode_BP_C'
[2020.06.01-12.42.33:970][184]LogWorld: Bringing World /Game/StarterContent/Maps/UEDPIE_0_Minimal_Default.Minimal_Default up for play (max tick rate 0) at 2020.06.01-14.42.33
[2020.06.01-12.42.33:970][184]LogWorld: Bringing up level for play took: 0.000915
[2020.06.01-12.42.33:970][184]LogOnline: OSS: Creating online subsystem instance for: :Context_8
[2020.06.01-12.42.33:974][184]LogContentBrowser: Native class hierarchy updated for 'MovieSceneCapture' in 0.0004 seconds. Added 20 classes and 0 folders.
[2020.06.01-12.42.33:974][184]PIE: Play in editor start time for /Game/StarterContent/Maps/UEDPIE_0_Minimal_Default 0.337
[2020.06.01-12.42.33:974][184]LogBlueprintUserMessages: Late PlayInEditor Detection: Level '/Game/StarterContent/Maps/Minimal_Default.Minimal_Default:PersistentLevel' has LevelScriptBlueprint '/Game/StarterContent/Maps/Minimal_Default.Minimal_Default:PersistentLevel.Minimal_Default' with GeneratedClass '/Game/StarterContent/Maps/Minimal_Default.Minimal_Default_C' with ClassGeneratedBy '/Game/StarterContent/Maps/Minimal_Default.Minimal_Default:PersistentLevel.Minimal_Default'
[2020.06.01-12.42.40:172][892]LogAudioMixer: Display: No commands were queued while flushing the source manager.
[2020.06.01-12.42.40:179][892]LogAudioMixer: Display: Flush succeeded in the source manager command queue (1).
[2020.06.01-12.42.40:209][892]LogAudioMixer: Display: Flush succeeded the source manager command queue (2).
[2020.06.01-12.42.40:209][892]LogBlueprintUserMessages: Early EndPlayMap Detection: Level '/Game/StarterContent/Maps/Minimal_Default.Minimal_Default:PersistentLevel' has LevelScriptBlueprint '/Game/StarterContent/Maps/Minimal_Default.Minimal_Default:PersistentLevel.Minimal_Default' with GeneratedClass '/Game/StarterContent/Maps/Minimal_Default.Minimal_Default_C' with ClassGeneratedBy '/Game/StarterContent/Maps/Minimal_Default.Minimal_Default:PersistentLevel.Minimal_Default'
[2020.06.01-12.42.40:209][892]LogSlate: Updating window title bar state: overlay mode, drag disabled, window buttons hidden, title bar hidden
[2020.06.01-12.42.40:209][892]LogWorld: BeginTearingDown for /Game/StarterContent/Maps/UEDPIE_0_Minimal_Default
[2020.06.01-12.42.40:209][892]LogAudioMixer: Display: No commands were queued while flushing the source manager.
[2020.06.01-12.42.40:209][892]LogWorld: UWorld::CleanupWorld for Minimal_Default, bSessionEnded=true, bCleanupResources=true
[2020.06.01-12.42.40:210][892]LogSlate: InvalidateAllWidgets triggered.  All widgets were invalidated
[2020.06.01-12.42.40:219][892]LogPlayLevel: Display: Shutting down PIE online subsystems
[2020.06.01-12.42.40:219][892]LogBlueprintUserMessages: Late EndPlayMap Detection: Level '/Game/StarterContent/Maps/Minimal_Default.Minimal_Default:PersistentLevel' has LevelScriptBlueprint '/Game/StarterContent/Maps/Minimal_Default.Minimal_Default:PersistentLevel.Minimal_Default' with GeneratedClass '/Game/StarterContent/Maps/Minimal_Default.Minimal_Default_C' with ClassGeneratedBy '/Game/StarterContent/Maps/Minimal_Default.Minimal_Default:PersistentLevel.Minimal_Default'
[2020.06.01-12.42.40:225][892]LogSlate: InvalidateAllWidgets triggered.  All widgets were invalidated
[2020.06.01-12.42.40:255][892]LogAudioMixer: Display: No commands were queued while flushing the source manager.
[2020.06.01-12.42.40:258][892]LogSlate: Updating window title bar state: overlay mode, drag disabled, window buttons hidden, title bar hidden
[2020.06.01-12.42.40:281][892]LogUObjectHash: Compacting FUObjectHashTables data took   3.83ms
[2020.06.01-12.42.40:300][893]LogPlayLevel: Display: Destroying online subsystem :Context_8
[2020.06.01-12.42.53:873][488]LogTemp: Repeating last play command: Selected Viewport
[2020.06.01-12.42.53:879][488]LogBlueprintUserMessages: Early PlayInEditor Detection: Level '/Game/StarterContent/Maps/Minimal_Default.Minimal_Default:PersistentLevel' has LevelScriptBlueprint '/Game/StarterContent/Maps/Minimal_Default.Minimal_Default:PersistentLevel.Minimal_Default' with GeneratedClass '/Game/StarterContent/Maps/Minimal_Default.Minimal_Default_C' with ClassGeneratedBy '/Game/StarterContent/Maps/Minimal_Default.Minimal_Default:PersistentLevel.Minimal_Default'
[2020.06.01-12.42.53:879][488]LogPlayLevel: PlayLevel: No blueprints needed recompiling
[2020.06.01-12.42.53:879][488]PIE: New page: PIE session: Minimal_Default (Jun 1, 2020, 4:42:53 PM)
[2020.06.01-12.42.53:880][488]LogPlayLevel: Creating play world package: /Game/StarterContent/Maps/UEDPIE_0_Minimal_Default
[2020.06.01-12.42.53:883][488]LogPlayLevel: PIE: StaticDuplicateObject took: (0.002971s)
[2020.06.01-12.42.53:884][488]LogAIModule: Creating AISystem for world Minimal_Default
[2020.06.01-12.42.53:884][488]LogPlayLevel: PIE: World Init took: (0.001425s)
[2020.06.01-12.42.53:884][488]LogPlayLevel: PIE: Created PIE world by copying editor world from /Game/StarterContent/Maps/Minimal_Default.Minimal_Default to /Game/StarterContent/Maps/UEDPIE_0_Minimal_Default.Minimal_Default (0.004653s)
[2020.06.01-12.42.53:920][488]LogUObjectHash: Compacting FUObjectHashTables data took   3.30ms
[2020.06.01-12.42.53:923][488]LogAudioMixer: Display: Audio Mixer Platform Settings:
[2020.06.01-12.42.53:923][488]LogAudioMixer: Display: 	Sample Rate:						  48000
[2020.06.01-12.42.53:923][488]LogAudioMixer: Display: 	Callback Buffer Frame Size Requested: 1024
[2020.06.01-12.42.53:923][488]LogAudioMixer: Display: 	Callback Buffer Frame Size To Use:	  1024
[2020.06.01-12.42.53:923][488]LogAudioMixer: Display: 	Number of buffers to queue:			  2
[2020.06.01-12.42.53:924][488]LogAudioMixer: Display: 	Max Channels (voices):				  32
[2020.06.01-12.42.53:924][488]LogAudioMixer: Display: 	Number of Async Source Workers:		  0
[2020.06.01-12.42.53:924][488]LogAudio: Display: AudioDevice MaxSources: 32
[2020.06.01-12.42.53:924][488]LogAudio: Display: Using built-in audio occlusion.
[2020.06.01-12.42.53:924][488]LogAudioMixer: Display: Initializing audio mixer.
[2020.06.01-12.42.53:986][488]LogAudioMixer: Display: Audio Device Output Speaker Info:
[2020.06.01-12.42.53:986][488]LogAudioMixer: Display: Name: Auriculares (XMFHZ02 Stereo)
[2020.06.01-12.42.53:986][488]LogAudioMixer: Display: Is Default: Yes
[2020.06.01-12.42.53:986][488]LogAudioMixer: Display: Sample Rate: 44100
[2020.06.01-12.42.53:986][488]LogAudioMixer: Display: Channel Count Used: 2
[2020.06.01-12.42.53:986][488]LogAudioMixer: Display: Device Channel Count: 2
[2020.06.01-12.42.53:986][488]LogAudioMixer: Display: Channel Order:
[2020.06.01-12.42.53:987][488]LogAudioMixer: Display: 0: FrontLeft
[2020.06.01-12.42.53:987][488]LogAudioMixer: Display: 1: FrontRight
[2020.06.01-12.42.54:000][488]LogAudioMixer: Display: Using Audio Device Auriculares (XMFHZ02 Stereo)
[2020.06.01-12.42.54:002][488]LogInit: FAudioDevice initialized.
[2020.06.01-12.42.54:013][488]LogLoad: Game class is 'CritterGameMode_BP_C'
[2020.06.01-12.42.54:014][488]LogWorld: Bringing World /Game/StarterContent/Maps/UEDPIE_0_Minimal_Default.Minimal_Default up for play (max tick rate 0) at 2020.06.01-14.42.54
[2020.06.01-12.42.54:014][488]LogWorld: Bringing up level for play took: 0.000834
[2020.06.01-12.42.54:015][488]LogOnline: OSS: Creating online subsystem instance for: :Context_9
[2020.06.01-12.42.54:017][488]PIE: Play in editor start time for /Game/StarterContent/Maps/UEDPIE_0_Minimal_Default 0.38
[2020.06.01-12.42.54:017][488]LogBlueprintUserMessages: Late PlayInEditor Detection: Level '/Game/StarterContent/Maps/Minimal_Default.Minimal_Default:PersistentLevel' has LevelScriptBlueprint '/Game/StarterContent/Maps/Minimal_Default.Minimal_Default:PersistentLevel.Minimal_Default' with GeneratedClass '/Game/StarterContent/Maps/Minimal_Default.Minimal_Default_C' with ClassGeneratedBy '/Game/StarterContent/Maps/Minimal_Default.Minimal_Default:PersistentLevel.Minimal_Default'
[2020.06.01-12.42.58:261][994]LogAudioMixer: Display: No commands were queued while flushing the source manager.
[2020.06.01-12.42.58:269][994]LogAudioMixer: Display: Flush succeeded in the source manager command queue (1).
[2020.06.01-12.42.58:289][994]LogAudioMixer: Display: Flush succeeded the source manager command queue (2).
[2020.06.01-12.42.58:289][994]LogBlueprintUserMessages: Early EndPlayMap Detection: Level '/Game/StarterContent/Maps/Minimal_Default.Minimal_Default:PersistentLevel' has LevelScriptBlueprint '/Game/StarterContent/Maps/Minimal_Default.Minimal_Default:PersistentLevel.Minimal_Default' with GeneratedClass '/Game/StarterContent/Maps/Minimal_Default.Minimal_Default_C' with ClassGeneratedBy '/Game/StarterContent/Maps/Minimal_Default.Minimal_Default:PersistentLevel.Minimal_Default'
[2020.06.01-12.42.58:289][994]LogSlate: Updating window title bar state: overlay mode, drag disabled, window buttons hidden, title bar hidden
[2020.06.01-12.42.58:289][994]LogWorld: BeginTearingDown for /Game/StarterContent/Maps/UEDPIE_0_Minimal_Default
[2020.06.01-12.42.58:289][994]LogAudioMixer: Display: No commands were queued while flushing the source manager.
[2020.06.01-12.42.58:289][994]LogWorld: UWorld::CleanupWorld for Minimal_Default, bSessionEnded=true, bCleanupResources=true
[2020.06.01-12.42.58:290][994]LogSlate: InvalidateAllWidgets triggered.  All widgets were invalidated
[2020.06.01-12.42.58:301][994]LogPlayLevel: Display: Shutting down PIE online subsystems
[2020.06.01-12.42.58:301][994]LogBlueprintUserMessages: Late EndPlayMap Detection: Level '/Game/StarterContent/Maps/Minimal_Default.Minimal_Default:PersistentLevel' has LevelScriptBlueprint '/Game/StarterContent/Maps/Minimal_Default.Minimal_Default:PersistentLevel.Minimal_Default' with GeneratedClass '/Game/StarterContent/Maps/Minimal_Default.Minimal_Default_C' with ClassGeneratedBy '/Game/StarterContent/Maps/Minimal_Default.Minimal_Default:PersistentLevel.Minimal_Default'
[2020.06.01-12.42.58:306][994]LogSlate: InvalidateAllWidgets triggered.  All widgets were invalidated
[2020.06.01-12.42.58:338][994]LogAudioMixer: Display: No commands were queued while flushing the source manager.
[2020.06.01-12.42.58:341][994]LogSlate: Updating window title bar state: overlay mode, drag disabled, window buttons hidden, title bar hidden
[2020.06.01-12.42.58:345][994]LogUObjectHash: Compacting FUObjectHashTables data took   2.86ms
[2020.06.01-12.42.58:363][995]LogPlayLevel: Display: Destroying online subsystem :Context_9
[2020.06.01-12.43.05:172][774]BlueprintLog: New page: Compile Critter_BP
[2020.06.01-12.43.05:438][774]LogUObjectHash: Compacting FUObjectHashTables data took   3.36ms
[2020.06.01-12.43.06:830][937]LogTemp: Repeating last play command: Selected Viewport
[2020.06.01-12.43.06:836][937]LogBlueprintUserMessages: Early PlayInEditor Detection: Level '/Game/StarterContent/Maps/Minimal_Default.Minimal_Default:PersistentLevel' has LevelScriptBlueprint '/Game/StarterContent/Maps/Minimal_Default.Minimal_Default:PersistentLevel.Minimal_Default' with GeneratedClass '/Game/StarterContent/Maps/Minimal_Default.Minimal_Default_C' with ClassGeneratedBy '/Game/StarterContent/Maps/Minimal_Default.Minimal_Default:PersistentLevel.Minimal_Default'
[2020.06.01-12.43.06:836][937]LogPlayLevel: PlayLevel: No blueprints needed recompiling
[2020.06.01-12.43.06:837][937]PIE: New page: PIE session: Minimal_Default (Jun 1, 2020, 4:43:06 PM)
[2020.06.01-12.43.06:837][937]LogPlayLevel: Creating play world package: /Game/StarterContent/Maps/UEDPIE_0_Minimal_Default
[2020.06.01-12.43.06:840][937]LogPlayLevel: PIE: StaticDuplicateObject took: (0.002872s)
[2020.06.01-12.43.06:841][937]LogAIModule: Creating AISystem for world Minimal_Default
[2020.06.01-12.43.06:841][937]LogPlayLevel: PIE: World Init took: (0.001066s)
[2020.06.01-12.43.06:841][937]LogPlayLevel: PIE: Created PIE world by copying editor world from /Game/StarterContent/Maps/Minimal_Default.Minimal_Default to /Game/StarterContent/Maps/UEDPIE_0_Minimal_Default.Minimal_Default (0.004178s)
[2020.06.01-12.43.06:875][937]LogUObjectHash: Compacting FUObjectHashTables data took   3.17ms
[2020.06.01-12.43.06:876][937]LogAudioMixer: Display: Audio Mixer Platform Settings:
[2020.06.01-12.43.06:876][937]LogAudioMixer: Display: 	Sample Rate:						  48000
[2020.06.01-12.43.06:876][937]LogAudioMixer: Display: 	Callback Buffer Frame Size Requested: 1024
[2020.06.01-12.43.06:876][937]LogAudioMixer: Display: 	Callback Buffer Frame Size To Use:	  1024
[2020.06.01-12.43.06:876][937]LogAudioMixer: Display: 	Number of buffers to queue:			  2
[2020.06.01-12.43.06:876][937]LogAudioMixer: Display: 	Max Channels (voices):				  32
[2020.06.01-12.43.06:876][937]LogAudioMixer: Display: 	Number of Async Source Workers:		  0
[2020.06.01-12.43.06:876][937]LogAudio: Display: AudioDevice MaxSources: 32
[2020.06.01-12.43.06:877][937]LogAudio: Display: Using built-in audio occlusion.
[2020.06.01-12.43.06:877][937]LogAudioMixer: Display: Initializing audio mixer.
[2020.06.01-12.43.06:935][937]LogAudioMixer: Display: Audio Device Output Speaker Info:
[2020.06.01-12.43.06:935][937]LogAudioMixer: Display: Name: Auriculares (XMFHZ02 Stereo)
[2020.06.01-12.43.06:935][937]LogAudioMixer: Display: Is Default: Yes
[2020.06.01-12.43.06:935][937]LogAudioMixer: Display: Sample Rate: 44100
[2020.06.01-12.43.06:935][937]LogAudioMixer: Display: Channel Count Used: 2
[2020.06.01-12.43.06:935][937]LogAudioMixer: Display: Device Channel Count: 2
[2020.06.01-12.43.06:935][937]LogAudioMixer: Display: Channel Order:
[2020.06.01-12.43.06:935][937]LogAudioMixer: Display: 0: FrontLeft
[2020.06.01-12.43.06:935][937]LogAudioMixer: Display: 1: FrontRight
[2020.06.01-12.43.06:948][937]LogAudioMixer: Display: Using Audio Device Auriculares (XMFHZ02 Stereo)
[2020.06.01-12.43.06:951][937]LogInit: FAudioDevice initialized.
[2020.06.01-12.43.06:961][937]LogLoad: Game class is 'CritterGameMode_BP_C'
[2020.06.01-12.43.06:962][937]LogWorld: Bringing World /Game/StarterContent/Maps/UEDPIE_0_Minimal_Default.Minimal_Default up for play (max tick rate 0) at 2020.06.01-14.43.06
[2020.06.01-12.43.06:962][937]LogWorld: Bringing up level for play took: 0.000841
[2020.06.01-12.43.06:962][937]LogOnline: OSS: Creating online subsystem instance for: :Context_10
[2020.06.01-12.43.06:965][937]PIE: Play in editor start time for /Game/StarterContent/Maps/UEDPIE_0_Minimal_Default -0.672
[2020.06.01-12.43.06:965][937]LogBlueprintUserMessages: Late PlayInEditor Detection: Level '/Game/StarterContent/Maps/Minimal_Default.Minimal_Default:PersistentLevel' has LevelScriptBlueprint '/Game/StarterContent/Maps/Minimal_Default.Minimal_Default:PersistentLevel.Minimal_Default' with GeneratedClass '/Game/StarterContent/Maps/Minimal_Default.Minimal_Default_C' with ClassGeneratedBy '/Game/StarterContent/Maps/Minimal_Default.Minimal_Default:PersistentLevel.Minimal_Default'
[2020.06.01-12.43.07:999][ 58]LogAudioMixer: Display: No commands were queued while flushing the source manager.
[2020.06.01-12.43.07:999][ 58]LogAudioMixer: Display: Flush succeeded in the source manager command queue (1).
[2020.06.01-12.43.08:019][ 58]LogAudioMixer: Display: Flush succeeded the source manager command queue (2).
[2020.06.01-12.43.08:019][ 58]LogBlueprintUserMessages: Early EndPlayMap Detection: Level '/Game/StarterContent/Maps/Minimal_Default.Minimal_Default:PersistentLevel' has LevelScriptBlueprint '/Game/StarterContent/Maps/Minimal_Default.Minimal_Default:PersistentLevel.Minimal_Default' with GeneratedClass '/Game/StarterContent/Maps/Minimal_Default.Minimal_Default_C' with ClassGeneratedBy '/Game/StarterContent/Maps/Minimal_Default.Minimal_Default:PersistentLevel.Minimal_Default'
[2020.06.01-12.43.08:019][ 58]LogSlate: Updating window title bar state: overlay mode, drag disabled, window buttons hidden, title bar hidden
[2020.06.01-12.43.08:019][ 58]LogWorld: BeginTearingDown for /Game/StarterContent/Maps/UEDPIE_0_Minimal_Default
[2020.06.01-12.43.08:019][ 58]LogAudioMixer: Display: No commands were queued while flushing the source manager.
[2020.06.01-12.43.08:019][ 58]LogWorld: UWorld::CleanupWorld for Minimal_Default, bSessionEnded=true, bCleanupResources=true
[2020.06.01-12.43.08:019][ 58]LogSlate: InvalidateAllWidgets triggered.  All widgets were invalidated
[2020.06.01-12.43.08:031][ 58]LogPlayLevel: Display: Shutting down PIE online subsystems
[2020.06.01-12.43.08:032][ 58]LogBlueprintUserMessages: Late EndPlayMap Detection: Level '/Game/StarterContent/Maps/Minimal_Default.Minimal_Default:PersistentLevel' has LevelScriptBlueprint '/Game/StarterContent/Maps/Minimal_Default.Minimal_Default:PersistentLevel.Minimal_Default' with GeneratedClass '/Game/StarterContent/Maps/Minimal_Default.Minimal_Default_C' with ClassGeneratedBy '/Game/StarterContent/Maps/Minimal_Default.Minimal_Default:PersistentLevel.Minimal_Default'
[2020.06.01-12.43.08:037][ 58]LogSlate: InvalidateAllWidgets triggered.  All widgets were invalidated
[2020.06.01-12.43.08:065][ 58]LogAudioMixer: Display: No commands were queued while flushing the source manager.
[2020.06.01-12.43.08:068][ 58]LogSlate: Updating window title bar state: overlay mode, drag disabled, window buttons hidden, title bar hidden
[2020.06.01-12.43.08:071][ 58]LogUObjectHash: Compacting FUObjectHashTables data took   2.87ms
[2020.06.01-12.43.08:107][ 60]LogPlayLevel: Display: Destroying online subsystem :Context_10
[2020.06.01-12.43.14:738][828]BlueprintLog: New page: Compile Critter_BP
[2020.06.01-12.43.15:010][828]LogUObjectHash: Compacting FUObjectHashTables data took   3.36ms
